[Licensing::Module] Trying to connect to existing licensing client channel...
[Licensing::IpcConnector] Successfully connected to: "LicenseClient-rolan" at "2026-06-25T02:18:01.7565915Z"
Built from '6000.5/staging' branch; Version is '6000.5.0f1 (88b47c5e7076) revision 8959100'; Using compiler version '194234433'; Build Type 'Release'
OS: 'Windows 11  (10.0.26200) Core' Language: 'es' Physical Memory: 16202 MB
BatchMode: 1, IsHumanControllingUs: 0, StartBugReporterOnCrash: 0, Is64bit: 1
System  architecture: x64
Process architecture: x64
Date: 2026-06-25T02:18:01Z
[Licensing::Client] Code 10 while verifying Licensing Client signature (process Id: 22476, path: "C:/Program Files/Unity/Hub/Editor/6000.5.0f1/Editor/Data/Resources/Licensing/Client/Unity.Licensing.Client.exe")
[Licensing::Module] LicensingClient has failed validation; ignoring
[Licensing::Client] Handshaking with LicensingClient:
  Version:                 1.18.1+9fbee8e
  Session Id:              9390482f69234b6b986b1167b3f18634
  Correlation Id:          a3ffcfa0dece480d1ca36344941f79a0
  External correlation Id: 1465446054781939155
  Machine Id:              4eYgpwOuiQeruzSB6AdFVKhxbwo=
[Licensing::Module] Successfully connected to LicensingClient on channel: "LicenseClient-rolan" (connect: 0.00s, validation: 0.00s, handshake: 0.07s)
[Licensing::IpcConnector] Successfully connected to: "LicenseClient-rolan-notifications" at "2026-06-25T02:18:01.8251349Z"
[Licensing::Module] Licensing Background thread has ended after 0.07s

COMMAND LINE ARGUMENTS:
C:\Program Files\Unity\Hub\Editor\6000.5.0f1\Editor\Unity.exe
-adb2
-batchMode
-noUpm
-name
AssetImportWorkerHW0
-projectPath
C:/Users/rolan/OneDrive/Documentos/GitHub/scape-from-utp-juego
-logFile
Logs/AssetImportWorkerHW0.log
-srvPort
60312
-parentPid
20344
-analyticsCloudUserId
anonymous
-analyticsLocalProjectId
8e6b41a4231c5674db186c51b5e323f1
-noDiagnosticSwitchPersistentStore
-job-worker-count
5
-background-job-worker-count
8
-asset-garbage-collectors
1
-force-d3d12
-name
AssetImport
Successfully changed project path to: C:/Users/rolan/OneDrive/Documentos/GitHub/scape-from-utp-juego
C:/Users/rolan/OneDrive/Documentos/GitHub/scape-from-utp-juego
[UnityMemory] Configuration Parameters - Can be set up in boot.config
    "memorysetup-temp-allocator-size-gi-baking-worker=262144"
    "memorysetup-temp-allocator-size-gi-baking-worker=262144"
    "memorysetup-temp-allocator-size-gi-baking-worker=262144"
    "memorysetup-temp-allocator-size-gi-baking-worker=262144"
    "memorysetup-temp-allocator-size-gi-baking-worker=262144"
    "memorysetup-temp-allocator-size-nav-mesh-worker=65536"
    "memorysetup-temp-allocator-size-audio-worker=65536"
    "memorysetup-temp-allocator-size-cloud-worker=32768"
    "memorysetup-temp-allocator-size-gfx=262144"
    "memorysetup-temp-allocator-size-preload-manager=33554432"
    "memorysetup-allocator-temp-initial-block-size-main=262144"
    "memorysetup-allocator-temp-initial-block-size-worker=262144"
    "memorysetup-temp-allocator-size-job-worker=262144"
    "memorysetup-temp-allocator-size-background-worker=32768"
    "memorysetup-bucket-allocator-granularity=16"
    "memorysetup-bucket-allocator-bucket-count=8"
    "memorysetup-bucket-allocator-block-size=33554432"
    "memorysetup-bucket-allocator-block-count=8"
    "memorysetup-main-allocator-block-size=16777216"
    "memorysetup-thread-allocator-block-size=16777216"
    "memorysetup-main-allocator-mimalloc-enabled=0"
    "memorysetup-gfx-main-allocator-block-size=16777216"
    "memorysetup-gfx-thread-allocator-block-size=16777216"
    "memorysetup-cache-allocator-block-size=4194304"
    "memorysetup-typetree-allocator-block-size=2097152"
    "memorysetup-profiler-bucket-allocator-granularity=16"
    "memorysetup-profiler-bucket-allocator-bucket-count=8"
    "memorysetup-profiler-bucket-allocator-block-size=33554432"
    "memorysetup-profiler-bucket-allocator-block-count=8"
    "memorysetup-profiler-allocator-block-size=16777216"
    "memorysetup-profiler-editor-allocator-block-size=1048576"
    "memorysetup-temp-allocator-size-main=16777216"
    "memorysetup-job-temp-allocator-block-size=2097152"
    "memorysetup-job-temp-allocator-block-size-background=1048576"
    "memorysetup-job-temp-allocator-reduction-small-platforms=262144"
Player connection [31044]  Target information:

Player connection [31044]  * "[IP] 192.168.68.111 [Port] 0 [Flags] 2 [Guid] 2275699160 [EditorId] 2275699160 [Version] 1048832 [Id] WindowsEditor(7,MSI) [Debug] 1 [PackageName] WindowsEditor [ProjectName] Editor" 

Player connection [31044] Host joined multi-casting on [225.0.0.222:54997]...
Player connection [31044] Host joined alternative multi-casting on [225.0.0.222:34997]...
JobSystem: Creating JobQueue using job-worker-count value 5
Input System module state changed to: Initialized.
[Physics::Module] Initialized fallback backend.
[Physics::Module] Id: 0xdecafbad
Library Redirect Path: Library/
[Physics::Module] Selected backend.
[Physics::Module] Name: PhysX
[Physics::Module] Id: 0xf2b8ea05
[Physics::Module] SDK Version: 4.1.2
[Physics::Module] Integration Version: 1.0.0
[Physics::Module] Threading Mode: Multi-Threaded
Initialize engine version: 6000.5.0f1 (88b47c5e7076)
[Subsystems] Discovering subsystems at path C:/Program Files/Unity/Hub/Editor/6000.5.0f1/Editor/Data/Resources/UnitySubsystems
[Subsystems] Discovering subsystems at path C:/Users/rolan/OneDrive/Documentos/GitHub/scape-from-utp-juego/Assets
Forcing GfxDevice: Direct3D 12
GfxDevice: creating device client; kGfxThreadingModeNonThreaded
d3d12: failed to query info queue interface (0x80004002).
Direct3D:
    Version:         Direct3D 12 [level 12.2]
    Renderer:        NVIDIA GeForce RTX 2070 with Max-Q Design (ID=0x1f14)
    Vendor:          NVIDIA
    VRAM:            8006 MB
    App VRAM Budget: 7238 MB
    Driver:          32.0.15.7283
Initialize mono
Mono path[0] = 'C:/Program Files/Unity/Hub/Editor/6000.5.0f1/Editor/Data/Managed'
Mono path[1] = 'C:/Program Files/Unity/Hub/Editor/6000.5.0f1/Editor/Data/BCLExtensions/runtime/netstandard2.1'
Mono path[2] = 'C:/Program Files/Unity/Hub/Editor/6000.5.0f1/Editor/Data/MonoBleedingEdge/lib/mono/unityjit-win32'
Mono config path = 'C:/Program Files/Unity/Hub/Editor/6000.5.0f1/Editor/Data/MonoBleedingEdge/etc'
Using monoOptions --debugger-agent=transport=dt_socket,embedding=1,server=y,suspend=n,address=127.0.0.1:56260
CodeReloadManager initialized
Begin MonoManager ReloadAssembly
Registering precompiled unity dll's ...
Register platform support module: C:/Program Files/Unity/Hub/Editor/6000.5.0f1/Editor/Data/PlaybackEngines/WebGLSupport/UnityEditor.WebGL.Extensions.dll
Register platform support module: C:/Program Files/Unity/Hub/Editor/6000.5.0f1/Editor/Data/PlaybackEngines/WindowsStandaloneSupport/UnityEditor.WindowsStandalone.Extensions.dll
Registered in 0.003109 seconds.
Native extension for WindowsStandalone target not found
Native extension for WebGL target not found
Package Manager log level set to [2]
[Package Manager] Failed to launch server process. Reason: Unity was launched with the -noUpm command-line argument
[Package Manager] Unable to send message (not connected to server process).
[Package Manager] Cannot connect to Unity Package Manager local server
ScheduleIndexationOnStartup MainProcess:False IndexOnStartup:True
Mono: successfully reloaded assembly
- Finished resetting the current domain, in  0.480 seconds
Domain Reload Profiling: 1206ms
	BeginReloadAssembly (151ms)
	RebuildCommonClasses (6ms)
	RebuildNativeTypeToScriptingClass (20ms)
	initialDomainReloadingComplete (93ms)
	LoadAllAssembliesAndSetupDomain (452ms)
		LoadAssemblies (148ms)
		AnalyzeDomain (349ms)
			TypeCache.Refresh (347ms)
				TypeCache.ScanAssembly (325ms)
	FinalizeReload (483ms)
		SetupLoadedEditorAssemblies (0ms)
			InitializePlatformSupportModulesInManaged (3ms)
			BeforeProcessingInitializeOnLoad (122ms)
			ProcessInitializeOnLoadAttributes (126ms)
			ProcessInitializeOnLoadMethodAttributes (124ms)
Initializing Unity extensions:
[Licensing::Client] Successfully resolved entitlement details
[Licensing::Module] License group:
  Id: 4674213770289-UnityPersXXXX
  Product: Unity Personal
  Type: Assigned
  Expiration: Unlimited
========================================================================
Worker process is ready to serve import requests
Import Worker Mode flag is 0x00
Begin MonoManager ReloadAssembly
Native extension for WindowsStandalone target not found
Native extension for WebGL target not found
[Package Manager] Failed to launch server process. Reason: Unity was launched with the -noUpm command-line argument
[Package Manager] Unable to send message (not connected to server process).
[Package Manager] Cannot connect to Unity Package Manager local server
ScheduleIndexationOnStartup MainProcess:False IndexOnStartup:True
Mono: successfully reloaded assembly
- Finished resetting the current domain, in  0.467 seconds
Domain Reload Profiling: 917ms
	BeginReloadAssembly (224ms)
		DisableScriptedObjects (6ms)
		CreateAndSetChildDomain (36ms)
	RebuildCommonClasses (11ms)
	RebuildNativeTypeToScriptingClass (23ms)
	initialDomainReloadingComplete (53ms)
	LoadAllAssembliesAndSetupDomain (136ms)
		LoadAssemblies (118ms)
		AnalyzeDomain (20ms)
			TypeCache.Refresh (12ms)
				TypeCache.ScanAssembly (5ms)
			BuildScriptInfoCaches (4ms)
	FinalizeReload (469ms)
		SetupLoadedEditorAssemblies (0ms)
			InitializePlatformSupportModulesInManaged (3ms)
			BeforeProcessingInitializeOnLoad (119ms)
			ProcessInitializeOnLoadAttributes (105ms)
			ProcessInitializeOnLoadMethodAttributes (87ms)
			AfterProcessingInitializeOnLoad (8ms)
		AwakeInstancesAfterBackupRestoration (4ms)
AcceleratorClientConnectionCallback - disconnected - :0
Launched and connected shader compiler UnityShaderCompiler.exe after 0.01 seconds
Unloading 0 Unused Serialized files (Serialized files now loaded: 0)
Curl error 3: URL rejected: Malformed input to a URL function
Unloading 122 unused Assets / (32.4 KB). Loaded Objects now: 730.
Memory consumption went from 151.0 MB to 151.0 MB.
Total: 4.564800 ms (FindLiveObjects: 0.056800 ms CreateObjectMapping: 0.025100 ms MarkObjects: 4.362100 ms  DeleteObjects: 0.118700 ms)

========================================================================
Received Prepare
AcceleratorClientConnectionCallback - disconnected - :0
Unloading 0 Unused Serialized files (Serialized files now loaded: 0)
Unloading 0 unused Assets / (0 B). Loaded Objects now: 730.
Memory consumption went from 150.8 MB to 150.8 MB.
Total: 4.367200 ms (FindLiveObjects: 0.065600 ms CreateObjectMapping: 0.014600 ms MarkObjects: 4.280700 ms  DeleteObjects: 0.004600 ms)

Prepare: number of updated asset objects reloaded= 0
========================================================================
Received Prepare
AcceleratorClientConnectionCallback - disconnected - :0
Begin MonoManager ReloadAssembly
Native extension for WindowsStandalone target not found
Native extension for WebGL target not found
[Package Manager] Failed to launch server process. Reason: Unity was launched with the -noUpm command-line argument
[Package Manager] Unable to send message (not connected to server process).
[Package Manager] Cannot connect to Unity Package Manager local server
ScheduleIndexationOnStartup MainProcess:False IndexOnStartup:True
Mono: successfully reloaded assembly
- Finished resetting the current domain, in  0.461 seconds
Domain Reload Profiling: 893ms
	BeginReloadAssembly (237ms)
		DisableScriptedObjects (8ms)
		CreateAndSetChildDomain (40ms)
	RebuildCommonClasses (11ms)
	RebuildNativeTypeToScriptingClass (21ms)
	initialDomainReloadingComplete (46ms)
	LoadAllAssembliesAndSetupDomain (114ms)
		LoadAssemblies (122ms)
		AnalyzeDomain (8ms)
			TypeCache.Refresh (6ms)
	FinalizeReload (464ms)
		SetupLoadedEditorAssemblies (0ms)
			BeforeProcessingInitializeOnLoad (106ms)
			ProcessInitializeOnLoadAttributes (103ms)
			ProcessInitializeOnLoadMethodAttributes (90ms)
			AfterProcessingInitializeOnLoad (9ms)
		AwakeInstancesAfterBackupRestoration (3ms)
Unloading 0 Unused Serialized files (Serialized files now loaded: 0)
Unloading 120 unused Assets / (3.1 KB). Loaded Objects now: 730.
Memory consumption went from 150.6 MB to 150.6 MB.
Total: 4.417000 ms (FindLiveObjects: 0.055600 ms CreateObjectMapping: 0.021200 ms MarkObjects: 4.295600 ms  DeleteObjects: 0.043200 ms)

Prepare: number of updated asset objects reloaded= 0
========================================================================
Received Prepare
AcceleratorClientConnectionCallback - disconnected - :0
Begin MonoManager ReloadAssembly
Native extension for WindowsStandalone target not found
Native extension for WebGL target not found
[Package Manager] Failed to launch server process. Reason: Unity was launched with the -noUpm command-line argument
[Package Manager] Unable to send message (not connected to server process).
[Package Manager] Cannot connect to Unity Package Manager local server
ScheduleIndexationOnStartup MainProcess:False IndexOnStartup:True
Mono: successfully reloaded assembly
- Finished resetting the current domain, in  0.503 seconds
Domain Reload Profiling: 970ms
	BeginReloadAssembly (250ms)
		DisableScriptedObjects (9ms)
		CreateAndSetChildDomain (36ms)
	RebuildCommonClasses (11ms)
	RebuildNativeTypeToScriptingClass (23ms)
	initialDomainReloadingComplete (59ms)
	LoadAllAssembliesAndSetupDomain (121ms)
		LoadAssemblies (130ms)
		AnalyzeDomain (7ms)
			TypeCache.Refresh (4ms)
	FinalizeReload (506ms)
		SetupLoadedEditorAssemblies (0ms)
			InitializePlatformSupportModulesInManaged (3ms)
			BeforeProcessingInitializeOnLoad (122ms)
			ProcessInitializeOnLoadAttributes (109ms)
			ProcessInitializeOnLoadMethodAttributes (98ms)
			AfterProcessingInitializeOnLoad (10ms)
		AwakeInstancesAfterBackupRestoration (3ms)
Unloading 0 Unused Serialized files (Serialized files now loaded: 0)
Unloading 120 unused Assets / (3.1 KB). Loaded Objects now: 730.
Memory consumption went from 150.8 MB to 150.8 MB.
Total: 4.454900 ms (FindLiveObjects: 0.055200 ms CreateObjectMapping: 0.029100 ms MarkObjects: 4.308100 ms  DeleteObjects: 0.061700 ms)

Prepare: number of updated asset objects reloaded= 0
========================================================================
Received Prepare
AcceleratorClientConnectionCallback - disconnected - :0
Begin MonoManager ReloadAssembly
[Licensing::Client] Successfully resolved entitlement details
Native extension for WindowsStandalone target not found
Native extension for WebGL target not found
[Package Manager] Failed to launch server process. Reason: Unity was launched with the -noUpm command-line argument
[Package Manager] Unable to send message (not connected to server process).
[Package Manager] Cannot connect to Unity Package Manager local server
ScheduleIndexationOnStartup MainProcess:False IndexOnStartup:True
Mono: successfully reloaded assembly
- Finished resetting the current domain, in  0.473 seconds
Domain Reload Profiling: 921ms
	BeginReloadAssembly (243ms)
		DisableScriptedObjects (8ms)
		CreateAndSetChildDomain (35ms)
	RebuildCommonClasses (11ms)
	RebuildNativeTypeToScriptingClass (21ms)
	initialDomainReloadingComplete (55ms)
	LoadAllAssembliesAndSetupDomain (115ms)
		LoadAssemblies (136ms)
		AnalyzeDomain (7ms)
			TypeCache.Refresh (4ms)
	FinalizeReload (475ms)
		SetupLoadedEditorAssemblies (0ms)
			InitializePlatformSupportModulesInManaged (3ms)
			BeforeProcessingInitializeOnLoad (112ms)
			ProcessInitializeOnLoadAttributes (105ms)
			ProcessInitializeOnLoadMethodAttributes (89ms)
			AfterProcessingInitializeOnLoad (9ms)
		AwakeInstancesAfterBackupRestoration (3ms)
Unloading 0 Unused Serialized files (Serialized files now loaded: 0)
Unloading 120 unused Assets / (3.1 KB). Loaded Objects now: 730.
Memory consumption went from 150.9 MB to 150.9 MB.
Total: 4.971800 ms (FindLiveObjects: 0.077900 ms CreateObjectMapping: 0.024000 ms MarkObjects: 4.804000 ms  DeleteObjects: 0.064900 ms)

Prepare: number of updated asset objects reloaded= 0
========================================================================
Received Prepare
AcceleratorClientConnectionCallback - disconnected - :0
Begin MonoManager ReloadAssembly
[Licensing::Client] Successfully resolved entitlement details
Native extension for WindowsStandalone target not found
Native extension for WebGL target not found
[Package Manager] Failed to launch server process. Reason: Unity was launched with the -noUpm command-line argument
[Package Manager] Unable to send message (not connected to server process).
[Package Manager] Cannot connect to Unity Package Manager local server
ScheduleIndexationOnStartup MainProcess:False IndexOnStartup:True
Mono: successfully reloaded assembly
- Finished resetting the current domain, in  0.409 seconds
Domain Reload Profiling: 869ms
	BeginReloadAssembly (258ms)
		DisableScriptedObjects (9ms)
		CreateAndSetChildDomain (40ms)
	RebuildCommonClasses (11ms)
	RebuildNativeTypeToScriptingClass (23ms)
	initialDomainReloadingComplete (54ms)
	LoadAllAssembliesAndSetupDomain (111ms)
		LoadAssemblies (137ms)
		AnalyzeDomain (7ms)
			TypeCache.Refresh (4ms)
	FinalizeReload (411ms)
		SetupLoadedEditorAssemblies (0ms)
			BeforeProcessingInitializeOnLoad (100ms)
			ProcessInitializeOnLoadAttributes (87ms)
			ProcessInitializeOnLoadMethodAttributes (75ms)
			AfterProcessingInitializeOnLoad (9ms)
		AwakeInstancesAfterBackupRestoration (3ms)
Unloading 0 Unused Serialized files (Serialized files now loaded: 0)
Unloading 120 unused Assets / (3.1 KB). Loaded Objects now: 730.
Memory consumption went from 151.0 MB to 151.0 MB.
Total: 3.775600 ms (FindLiveObjects: 0.049500 ms CreateObjectMapping: 0.019500 ms MarkObjects: 3.638900 ms  DeleteObjects: 0.066900 ms)

Prepare: number of updated asset objects reloaded= 0
========================================================================
Received Prepare
AcceleratorClientConnectionCallback - disconnected - :0
Begin MonoManager ReloadAssembly
[Licensing::Client] Successfully resolved entitlement details
Native extension for WindowsStandalone target not found
Native extension for WebGL target not found
[Package Manager] Failed to launch server process. Reason: Unity was launched with the -noUpm command-line argument
[Package Manager] Unable to send message (not connected to server process).
[Package Manager] Cannot connect to Unity Package Manager local server
ScheduleIndexationOnStartup MainProcess:False IndexOnStartup:True
Mono: successfully reloaded assembly
- Finished resetting the current domain, in  0.503 seconds
Domain Reload Profiling: 969ms
	BeginReloadAssembly (271ms)
		DisableScriptedObjects (10ms)
		CreateAndSetChildDomain (39ms)
	RebuildCommonClasses (11ms)
	RebuildNativeTypeToScriptingClass (21ms)
	initialDomainReloadingComplete (48ms)
	LoadAllAssembliesAndSetupDomain (113ms)
		LoadAssemblies (148ms)
		AnalyzeDomain (8ms)
			TypeCache.Refresh (4ms)
	FinalizeReload (505ms)
		SetupLoadedEditorAssemblies (0ms)
			BeforeProcessingInitializeOnLoad (112ms)
			ProcessInitializeOnLoadAttributes (103ms)
			ProcessInitializeOnLoadMethodAttributes (101ms)
			AfterProcessingInitializeOnLoad (12ms)
		AwakeInstancesAfterBackupRestoration (5ms)
Unloading 0 Unused Serialized files (Serialized files now loaded: 0)
Unloading 120 unused Assets / (3.1 KB). Loaded Objects now: 730.
Memory consumption went from 151.2 MB to 151.2 MB.
Total: 5.094300 ms (FindLiveObjects: 0.057300 ms CreateObjectMapping: 0.021100 ms MarkObjects: 4.943900 ms  DeleteObjects: 0.070700 ms)

Prepare: number of updated asset objects reloaded= 0
========================================================================
Received Prepare
AcceleratorClientConnectionCallback - disconnected - :0
Begin MonoManager ReloadAssembly
Native extension for WindowsStandalone target not found
Native extension for WebGL target not found
[Package Manager] Failed to launch server process. Reason: Unity was launched with the -noUpm command-line argument
[Package Manager] Unable to send message (not connected to server process).
[Package Manager] Cannot connect to Unity Package Manager local server
ScheduleIndexationOnStartup MainProcess:False IndexOnStartup:True
Mono: successfully reloaded assembly
- Finished resetting the current domain, in  0.533 seconds
Domain Reload Profiling: 1011ms
	BeginReloadAssembly (266ms)
		DisableScriptedObjects (7ms)
		CreateAndSetChildDomain (41ms)
	RebuildCommonClasses (10ms)
	RebuildNativeTypeToScriptingClass (21ms)
	initialDomainReloadingComplete (55ms)
	LoadAllAssembliesAndSetupDomain (123ms)
		LoadAssemblies (155ms)
		AnalyzeDomain (7ms)
			TypeCache.Refresh (4ms)
	FinalizeReload (535ms)
		SetupLoadedEditorAssemblies (0ms)
			InitializePlatformSupportModulesInManaged (3ms)
			BeforeProcessingInitializeOnLoad (117ms)
			ProcessInitializeOnLoadAttributes (136ms)
			ProcessInitializeOnLoadMethodAttributes (110ms)
			AfterProcessingInitializeOnLoad (9ms)
		AwakeInstancesAfterBackupRestoration (3ms)
Unloading 0 Unused Serialized files (Serialized files now loaded: 0)
Unloading 120 unused Assets / (3.1 KB). Loaded Objects now: 730.
Memory consumption went from 151.3 MB to 151.3 MB.
Total: 3.891800 ms (FindLiveObjects: 0.055500 ms CreateObjectMapping: 0.020900 ms MarkObjects: 3.740600 ms  DeleteObjects: 0.073500 ms)

Prepare: number of updated asset objects reloaded= 0
========================================================================
Received Prepare
AcceleratorClientConnectionCallback - disconnected - :0
Begin MonoManager ReloadAssembly
[Licensing::Client] Successfully resolved entitlement details
Native extension for WindowsStandalone target not found
Native extension for WebGL target not found
[Package Manager] Failed to launch server process. Reason: Unity was launched with the -noUpm command-line argument
[Package Manager] Unable to send message (not connected to server process).
[Package Manager] Cannot connect to Unity Package Manager local server
ScheduleIndexationOnStartup MainProcess:False IndexOnStartup:True
Mono: successfully reloaded assembly
- Finished resetting the current domain, in  0.553 seconds
Domain Reload Profiling: 991ms
	BeginReloadAssembly (239ms)
		DisableScriptedObjects (9ms)
		CreateAndSetChildDomain (35ms)
	RebuildCommonClasses (10ms)
	RebuildNativeTypeToScriptingClass (20ms)
	initialDomainReloadingComplete (49ms)
	LoadAllAssembliesAndSetupDomain (117ms)
		LoadAssemblies (127ms)
		AnalyzeDomain (7ms)
			TypeCache.Refresh (4ms)
	FinalizeReload (556ms)
		SetupLoadedEditorAssemblies (0ms)
			InitializePlatformSupportModulesInManaged (3ms)
			BeforeProcessingInitializeOnLoad (130ms)
			ProcessInitializeOnLoadAttributes (108ms)
			ProcessInitializeOnLoadMethodAttributes (120ms)
			AfterProcessingInitializeOnLoad (9ms)
		AwakeInstancesAfterBackupRestoration (5ms)
Unloading 0 Unused Serialized files (Serialized files now loaded: 0)
Unloading 120 unused Assets / (3.1 KB). Loaded Objects now: 730.
Memory consumption went from 151.5 MB to 151.5 MB.
Total: 7.206800 ms (FindLiveObjects: 0.088800 ms CreateObjectMapping: 0.039800 ms MarkObjects: 7.001200 ms  DeleteObjects: 0.075300 ms)

Prepare: number of updated asset objects reloaded= 0
========================================================================
Received Prepare
AcceleratorClientConnectionCallback - disconnected - :0
Begin MonoManager ReloadAssembly
Native extension for WindowsStandalone target not found
Native extension for WebGL target not found
[Package Manager] Failed to launch server process. Reason: Unity was launched with the -noUpm command-line argument
[Package Manager] Unable to send message (not connected to server process).
[Package Manager] Cannot connect to Unity Package Manager local server
ScheduleIndexationOnStartup MainProcess:False IndexOnStartup:True
Mono: successfully reloaded assembly
- Finished resetting the current domain, in  0.486 seconds
Domain Reload Profiling: 964ms
	BeginReloadAssembly (255ms)
		DisableScriptedObjects (9ms)
		CreateAndSetChildDomain (42ms)
	RebuildCommonClasses (11ms)
	RebuildNativeTypeToScriptingClass (22ms)
	initialDomainReloadingComplete (60ms)
	LoadAllAssembliesAndSetupDomain (128ms)
		LoadAssemblies (136ms)
		AnalyzeDomain (8ms)
			TypeCache.Refresh (5ms)
	FinalizeReload (489ms)
		SetupLoadedEditorAssemblies (0ms)
			InitializePlatformSupportModulesInManaged (3ms)
			BeforeProcessingInitializeOnLoad (113ms)
			ProcessInitializeOnLoadAttributes (103ms)
			ProcessInitializeOnLoadMethodAttributes (92ms)
			AfterProcessingInitializeOnLoad (10ms)
		AwakeInstancesAfterBackupRestoration (3ms)
Unloading 0 Unused Serialized files (Serialized files now loaded: 0)
Unloading 120 unused Assets / (3.1 KB). Loaded Objects now: 730.
Memory consumption went from 152.2 MB to 152.2 MB.
Total: 5.748900 ms (FindLiveObjects: 0.069500 ms CreateObjectMapping: 0.040400 ms MarkObjects: 5.524400 ms  DeleteObjects: 0.112200 ms)

Prepare: number of updated asset objects reloaded= 0
========================================================================
Received Import Request.
  Time of request: 2026-06-25T02:28:24.7114731Z
  Time since last request: 204516.23931440000888 seconds.
  importAddress: GUID: 00000000000000001000000000000000 - Path: Assets - Importer: PreviewImporter
Importing 'GUID: 00000000000000001000000000000000 - Path: Assets - Importer: PreviewImporter' with importer (PreviewImporter)
Imported 'GUID: 00000000000000001000000000000000' -> (Import Result ID: '241dc6ce296e0f395a599982586f164f') in 0.011 seconds [static and dynamic dependencies]. Details - ImportResultOutputID=923ecb25fcaecb4cb3c936046707f967 DependenciesID=221c3962d6a6510e18d5efe90910aefa StaticDependenciesID=7fecd3d90c84567c1f366ff9261d59d3 
Number of updated asset objects reloaded before import = 0
Number of asset objects unloaded after import = 0
========================================================================
Received Prepare
AcceleratorClientConnectionCallback - disconnected - :0
Unloading 0 Unused Serialized files (Serialized files now loaded: 0)
Unloading 121 unused Assets / (3.1 KB). Loaded Objects now: 733.
Memory consumption went from 153.4 MB to 153.4 MB.
Total: 5.395800 ms (FindLiveObjects: 0.065700 ms CreateObjectMapping: 0.027000 ms MarkObjects: 5.237600 ms  DeleteObjects: 0.063800 ms)

Prepare: number of updated asset objects reloaded= 0
========================================================================
Received Import Request.
  Time of request: 2026-06-25T02:28:48.3357721Z
  Time since last request: 23.6117257 seconds.
  importAddress: GUID: eff80b8683d40764f84918e484a80565 - Path: Assets/NewEmptyCSharpScript.cs - Importer: PreviewImporter
Importing 'GUID: eff80b8683d40764f84918e484a80565 - Path: Assets/NewEmptyCSharpScript.cs - Importer: PreviewImporter' with importer (PreviewImporter)
Imported 'GUID: eff80b8683d40764f84918e484a80565' -> (Import Result ID: 'f64c1b967c4a0ffc8cc11668490c035f') in 0.001 seconds [static and dynamic dependencies]. Details - ImportResultOutputID=16fcbd09367dfd20cb7dbf364de12df8 DependenciesID=5609ece9d660cfb19907d4e6079e19d5 StaticDependenciesID=4d6bb1a42f8eec1e1255d1044fe90ea8 
Number of updated asset objects reloaded before import = 0
Number of asset objects unloaded after import = 0
========================================================================
Received Prepare
AcceleratorClientConnectionCallback - disconnected - :0
Begin MonoManager ReloadAssembly
[Licensing::Client] Successfully resolved entitlement details
Native extension for WindowsStandalone target not found
Native extension for WebGL target not found
[Package Manager] Failed to launch server process. Reason: Unity was launched with the -noUpm command-line argument
[Package Manager] Unable to send message (not connected to server process).
[Package Manager] Cannot connect to Unity Package Manager local server
ScheduleIndexationOnStartup MainProcess:False IndexOnStartup:True
Mono: successfully reloaded assembly
- Finished resetting the current domain, in  0.782 seconds
Domain Reload Profiling: 1390ms
	BeginReloadAssembly (317ms)
		DisableScriptedObjects (10ms)
		CreateAndSetChildDomain (45ms)
	RebuildCommonClasses (18ms)
	RebuildNativeTypeToScriptingClass (31ms)
	initialDomainReloadingComplete (67ms)
	LoadAllAssembliesAndSetupDomain (172ms)
		LoadAssemblies (190ms)
		AnalyzeDomain (23ms)
			TypeCache.Refresh (8ms)
			BuildScriptInfoCaches (11ms)
	FinalizeReload (785ms)
		SetupLoadedEditorAssemblies (0ms)
			InitializePlatformSupportModulesInManaged (5ms)
			BeforeProcessingInitializeOnLoad (245ms)
			ProcessInitializeOnLoadAttributes (142ms)
			ProcessInitializeOnLoadMethodAttributes (132ms)
			AfterProcessingInitializeOnLoad (14ms)
		AwakeInstancesAfterBackupRestoration (5ms)
Unloading 0 Unused Serialized files (Serialized files now loaded: 0)
Unloading 121 unused Assets / (3.1 KB). Loaded Objects now: 733.
Memory consumption went from 152.7 MB to 152.7 MB.
Total: 6.580000 ms (FindLiveObjects: 0.065900 ms CreateObjectMapping: 0.025000 ms MarkObjects: 6.441700 ms  DeleteObjects: 0.043100 ms)

Prepare: number of updated asset objects reloaded= 0
========================================================================
Received Prepare
AcceleratorClientConnectionCallback - disconnected - :0
Unloading 0 Unused Serialized files (Serialized files now loaded: 0)
Unloading 120 unused Assets / (3.1 KB). Loaded Objects now: 732.
Memory consumption went from 153.1 MB to 153.1 MB.
Total: 5.211700 ms (FindLiveObjects: 0.059300 ms CreateObjectMapping: 0.041300 ms MarkObjects: 5.038100 ms  DeleteObjects: 0.053200 ms)

Prepare: number of updated asset objects reloaded= 0
========================================================================
Received Prepare
AcceleratorClientConnectionCallback - disconnected - :0
Begin MonoManager ReloadAssembly
Native extension for WindowsStandalone target not found
Native extension for WebGL target not found
[Package Manager] Failed to launch server process. Reason: Unity was launched with the -noUpm command-line argument
[Package Manager] Unable to send message (not connected to server process).
[Package Manager] Cannot connect to Unity Package Manager local server
ScheduleIndexationOnStartup MainProcess:False IndexOnStartup:True
Mono: successfully reloaded assembly
- Finished resetting the current domain, in  0.611 seconds
Domain Reload Profiling: 1178ms
	BeginReloadAssembly (301ms)
		DisableScriptedObjects (16ms)
		CreateAndSetChildDomain (37ms)
	RebuildCommonClasses (16ms)
	RebuildNativeTypeToScriptingClass (26ms)
	initialDomainReloadingComplete (68ms)
	LoadAllAssembliesAndSetupDomain (152ms)
		LoadAssemblies (168ms)
		AnalyzeDomain (19ms)
			TypeCache.Refresh (8ms)
			BuildScriptInfoCaches (8ms)
	FinalizeReload (613ms)
		SetupLoadedEditorAssemblies (0ms)
			InitializePlatformSupportModulesInManaged (4ms)
			BeforeProcessingInitializeOnLoad (141ms)
			ProcessInitializeOnLoadAttributes (138ms)
			ProcessInitializeOnLoadMethodAttributes (129ms)
			AfterProcessingInitializeOnLoad (12ms)
		AwakeInstancesAfterBackupRestoration (6ms)
Unloading 0 Unused Serialized files (Serialized files now loaded: 0)
Unloading 120 unused Assets / (3.1 KB). Loaded Objects now: 732.
Memory consumption went from 154.0 MB to 154.0 MB.
Total: 5.997500 ms (FindLiveObjects: 0.171100 ms CreateObjectMapping: 0.076600 ms MarkObjects: 5.662200 ms  DeleteObjects: 0.086000 ms)

Prepare: number of updated asset objects reloaded= 0
========================================================================
Received Prepare
AcceleratorClientConnectionCallback - disconnected - :0
Unloading 0 Unused Serialized files (Serialized files now loaded: 0)
Unloading 121 unused Assets / (3.1 KB). Loaded Objects now: 733.
Memory consumption went from 154.4 MB to 154.4 MB.
Total: 4.762500 ms (FindLiveObjects: 0.119100 ms CreateObjectMapping: 0.021200 ms MarkObjects: 4.554100 ms  DeleteObjects: 0.066900 ms)

Prepare: number of updated asset objects reloaded= 0
========================================================================
Received Import Request.
  Time of request: 2026-06-25T02:30:13.8700864Z
  Time since last request: 85.5324395 seconds.
  importAddress: GUID: 20bb298b3b106544eb5b8645de149110 - Path: Assets/CamaraSeguir.cs - Importer: PreviewImporter
Importing 'GUID: 20bb298b3b106544eb5b8645de149110 - Path: Assets/CamaraSeguir.cs - Importer: PreviewImporter' with importer (PreviewImporter)
Imported 'GUID: 20bb298b3b106544eb5b8645de149110' -> (Import Result ID: '00aeb46d767f847a13695ed0127572a5') in 0.001 seconds [static and dynamic dependencies]. Details - ImportResultOutputID=1fb0a31a339b3f38e722df5fbdab29a0 DependenciesID=ca0b8658495cc442722ffdd483a772e9 StaticDependenciesID=4af079d42557a7fe889ea2fe6818480b 
Number of updated asset objects reloaded before import = 0
Number of asset objects unloaded after import = 0
========================================================================
Received Prepare
AcceleratorClientConnectionCallback - disconnected - :0
Begin MonoManager ReloadAssembly
[Licensing::Client] Successfully resolved entitlement details
Native extension for WindowsStandalone target not found
Native extension for WebGL target not found
[Package Manager] Failed to launch server process. Reason: Unity was launched with the -noUpm command-line argument
[Package Manager] Unable to send message (not connected to server process).
[Package Manager] Cannot connect to Unity Package Manager local server
ScheduleIndexationOnStartup MainProcess:False IndexOnStartup:True
Mono: successfully reloaded assembly
- Finished resetting the current domain, in  0.810 seconds
Domain Reload Profiling: 1465ms
	BeginReloadAssembly (355ms)
		DisableScriptedObjects (14ms)
		CreateAndSetChildDomain (64ms)
	RebuildCommonClasses (16ms)
	RebuildNativeTypeToScriptingClass (35ms)
	initialDomainReloadingComplete (77ms)
	LoadAllAssembliesAndSetupDomain (169ms)
		LoadAssemblies (185ms)
		AnalyzeDomain (23ms)
			TypeCache.Refresh (9ms)
			BuildScriptInfoCaches (12ms)
	FinalizeReload (813ms)
		SetupLoadedEditorAssemblies (0ms)
			InitializePlatformSupportModulesInManaged (5ms)
			BeforeProcessingInitializeOnLoad (187ms)
			ProcessInitializeOnLoadAttributes (171ms)
			ProcessInitializeOnLoadMethodAttributes (161ms)
			AfterProcessingInitializeOnLoad (14ms)
		AwakeInstancesAfterBackupRestoration (6ms)
Unloading 0 Unused Serialized files (Serialized files now loaded: 0)
Unloading 121 unused Assets / (3.1 KB). Loaded Objects now: 733.
Memory consumption went from 154.8 MB to 154.8 MB.
Total: 5.675200 ms (FindLiveObjects: 0.107500 ms CreateObjectMapping: 0.039700 ms MarkObjects: 5.437000 ms  DeleteObjects: 0.088300 ms)

Prepare: number of updated asset objects reloaded= 0
========================================================================
Received Import Request.
  Time of request: 2026-06-25T02:31:45.7383209Z
  Time since last request: 91.86541649999999 seconds.
  importAddress: GUID: f6bb27aaeed6e7c4f85cb651d51e4b8c - Path: Assets/Fondos/FondoBiblioteca.jpeg - Importer: PreviewImporter
Importing 'GUID: f6bb27aaeed6e7c4f85cb651d51e4b8c - Path: Assets/Fondos/FondoBiblioteca.jpeg - Importer: PreviewImporter' with importer (PreviewImporter)
Imported 'GUID: f6bb27aaeed6e7c4f85cb651d51e4b8c' -> (Import Result ID: 'af6304c368940ad321533e40f6512e36') in 0.186 seconds [static and dynamic dependencies]. Details - ImportResultOutputID=412edc3ee238191ae7db5ce77a10d75c DependenciesID=6d85acd658f2e0d33adfde8d8c6d36b1 StaticDependenciesID=b53db4c2c575a5cfdcbf0b6bcc822510 
Number of updated asset objects reloaded before import = 0
Number of asset objects unloaded after import = 3
========================================================================
Received Import Request.
  Time of request: 2026-06-25T02:33:38.8201237Z
  Time since last request: 112.88590929999999 seconds.
  importAddress: GUID: 20bb298b3b106544eb5b8645de149110 - Path: Assets/CamaraSeguir.cs - Importer: ScriptedImporter/UnityEditor.QuickSearchModule:UnityEditor.Search:ASIAI0B
Importing 'GUID: 20bb298b3b106544eb5b8645de149110 - Path: Assets/CamaraSeguir.cs - Importer: ScriptedImporter/UnityEditor.QuickSearchModule:UnityEditor.Search:ASIAI0B' with importer (ScriptedImporter : UnityEditor.QuickSearchModule:UnityEditor.Search:ASIAI0B)
Imported 'GUID: 20bb298b3b106544eb5b8645de149110' -> (Import Result ID: 'c005adb8fa834e4e0295590ad4c6dc04') in 0.113 seconds [static and dynamic dependencies]. Details - ImportResultOutputID=0b1200294b4c8e57f73e34f929f719b1 DependenciesID=ce92c739019a5a792409bed6ff71228f StaticDependenciesID=708c2e70e73e9478704af1b5f633d419 
Number of updated asset objects reloaded before import = 0
Number of asset objects unloaded after import = 0
========================================================================
Received Prepare
AcceleratorClientConnectionCallback - disconnected - :0
Unloading 0 Unused Serialized files (Serialized files now loaded: 0)
Unloading 1 unused Assets / (0 B). Loaded Objects now: 739.
Memory consumption went from 158.0 MB to 158.0 MB.
Total: 6.088700 ms (FindLiveObjects: 0.083700 ms CreateObjectMapping: 0.072600 ms MarkObjects: 5.901200 ms  DeleteObjects: 0.028200 ms)

Prepare: number of updated asset objects reloaded= 0
========================================================================
Received Import Request.
  Time of request: 2026-06-25T02:35:28.7527953Z
  Time since last request: 109.8191767 seconds.
  importAddress: GUID: 6d80ddc6e593cd64db0ab2136b82fe05 - Path: Assets/Nivel 1.unity - Importer: ScriptedImporter/UnityEditor.QuickSearchModule:UnityEditor.Search:ASIAI0B
Importing 'GUID: 6d80ddc6e593cd64db0ab2136b82fe05 - Path: Assets/Nivel 1.unity - Importer: ScriptedImporter/UnityEditor.QuickSearchModule:UnityEditor.Search:ASIAI0B' with importer (ScriptedImporter : UnityEditor.QuickSearchModule:UnityEditor.Search:ASIAI0B)
Imported 'GUID: 6d80ddc6e593cd64db0ab2136b82fe05' -> (Import Result ID: 'd2363b9a322b20b886f7d1f169e92cbf') in 0.006 seconds [static and dynamic dependencies]. Details - ImportResultOutputID=059b5253dee0dca592db664c8c72b3ae DependenciesID=3f539f746252d2785758782f319a4d87 StaticDependenciesID=eecac0210d5e60fcf651c860018a63ed 
Number of updated asset objects reloaded before import = 0
Number of asset objects unloaded after import = 1
========================================================================
Received Prepare
AcceleratorClientConnectionCallback - disconnected - :0
Begin MonoManager ReloadAssembly
[Licensing::Client] Successfully resolved entitlement details
Native extension for WindowsStandalone target not found
Native extension for WebGL target not found
[Package Manager] Failed to launch server process. Reason: Unity was launched with the -noUpm command-line argument
[Package Manager] Unable to send message (not connected to server process).
[Package Manager] Cannot connect to Unity Package Manager local server
ScheduleIndexationOnStartup MainProcess:False IndexOnStartup:True
Mono: successfully reloaded assembly
- Finished resetting the current domain, in  0.518 seconds
Domain Reload Profiling: 1041ms
	BeginReloadAssembly (288ms)
		DisableScriptedObjects (8ms)
		CreateAndSetChildDomain (51ms)
	RebuildCommonClasses (14ms)
	RebuildNativeTypeToScriptingClass (27ms)
	initialDomainReloadingComplete (57ms)
	LoadAllAssembliesAndSetupDomain (133ms)
		LoadAssemblies (163ms)
		AnalyzeDomain (18ms)
			TypeCache.Refresh (8ms)
			BuildScriptInfoCaches (8ms)
	FinalizeReload (521ms)
		SetupLoadedEditorAssemblies (0ms)
			InitializePlatformSupportModulesInManaged (3ms)
			BeforeProcessingInitializeOnLoad (118ms)
			ProcessInitializeOnLoadAttributes (113ms)
			ProcessInitializeOnLoadMethodAttributes (101ms)
			AfterProcessingInitializeOnLoad (11ms)
		AwakeInstancesAfterBackupRestoration (4ms)
Unloading 0 Unused Serialized files (Serialized files now loaded: 0)
Unloading 121 unused Assets / (3.1 KB). Loaded Objects now: 738.
Memory consumption went from 157.9 MB to 157.9 MB.
Total: 8.089200 ms (FindLiveObjects: 0.088000 ms CreateObjectMapping: 0.028800 ms MarkObjects: 7.829700 ms  DeleteObjects: 0.140100 ms)

Prepare: number of updated asset objects reloaded= 0
========================================================================
Received Import Request.
  Time of request: 2026-06-25T02:36:23.7925417Z
  Time since last request: 55.0335559 seconds.
  importAddress: GUID: 20bb298b3b106544eb5b8645de149110 - Path: Assets/CamaraSeguir.cs - Importer: PreviewImporter
Importing 'GUID: 20bb298b3b106544eb5b8645de149110 - Path: Assets/CamaraSeguir.cs - Importer: PreviewImporter' with importer (PreviewImporter)
Imported 'GUID: 20bb298b3b106544eb5b8645de149110' -> (Import Result ID: '52a506abd3cd23706f5b386f83d80525') in 0.001 seconds [static and dynamic dependencies]. Details - ImportResultOutputID=1fb0a31a339b3f38e722df5fbdab29a0 DependenciesID=b4d754116a12bec486003606b84d8720 StaticDependenciesID=2db13ba3280b6d31e25dedc8678abdb9 
Number of updated asset objects reloaded before import = 0
Number of asset objects unloaded after import = 0
========================================================================
Received Import Request.
  Time of request: 2026-06-25T02:39:38.5253524Z
  Time since last request: 194.7305326 seconds.
  importAddress: GUID: 396e0a62b84992148b74606dac4bdb13 - Path: Assets/3 PERSONAJES/Personaje - Rolando/jump_rolando.ase - Importer: PreviewImporter
Importing 'GUID: 396e0a62b84992148b74606dac4bdb13 - Path: Assets/3 PERSONAJES/Personaje - Rolando/jump_rolando.ase - Importer: PreviewImporter' with importer (PreviewImporter)
Imported 'GUID: 396e0a62b84992148b74606dac4bdb13' -> (Import Result ID: '2b6a21b373a89d7fb7f5f29df07b4487') in 0.027 seconds [static and dynamic dependencies]. Details - ImportResultOutputID=0c17e06939fbfcdaaf40783cde8e95cd DependenciesID=39a89b1ab7ac8aca54d40275e425bfa7 StaticDependenciesID=5094f657b508977ebd0406bb7ed7266e 
Number of updated asset objects reloaded before import = 0
Number of asset objects unloaded after import = 1
========================================================================
Received Prepare
AcceleratorClientConnectionCallback - disconnected - :0
Begin MonoManager ReloadAssembly
[Licensing::Client] Successfully resolved entitlement details
Native extension for WindowsStandalone target not found
Native extension for WebGL target not found
[Package Manager] Failed to launch server process. Reason: Unity was launched with the -noUpm command-line argument
[Package Manager] Unable to send message (not connected to server process).
[Package Manager] Cannot connect to Unity Package Manager local server
ScheduleIndexationOnStartup MainProcess:False IndexOnStartup:True
Mono: successfully reloaded assembly
- Finished resetting the current domain, in  0.518 seconds
Domain Reload Profiling: 1027ms
	BeginReloadAssembly (280ms)
		DisableScriptedObjects (9ms)
		CreateAndSetChildDomain (41ms)
	RebuildCommonClasses (13ms)
	RebuildNativeTypeToScriptingClass (24ms)
	initialDomainReloadingComplete (61ms)
	LoadAllAssembliesAndSetupDomain (128ms)
		LoadAssemblies (148ms)
		AnalyzeDomain (8ms)
			TypeCache.Refresh (6ms)
	FinalizeReload (520ms)
		SetupLoadedEditorAssemblies (0ms)
			InitializePlatformSupportModulesInManaged (3ms)
			BeforeProcessingInitializeOnLoad (129ms)
			ProcessInitializeOnLoadAttributes (111ms)
			ProcessInitializeOnLoadMethodAttributes (95ms)
			AfterProcessingInitializeOnLoad (10ms)
		AwakeInstancesAfterBackupRestoration (4ms)
Unloading 0 Unused Serialized files (Serialized files now loaded: 0)
Unloading 121 unused Assets / (3.1 KB). Loaded Objects now: 738.
Memory consumption went from 157.8 MB to 157.8 MB.
Total: 5.436200 ms (FindLiveObjects: 0.077900 ms CreateObjectMapping: 0.038800 ms MarkObjects: 5.268300 ms  DeleteObjects: 0.049800 ms)

Prepare: number of updated asset objects reloaded= 0
========================================================================
Received Prepare
AcceleratorClientConnectionCallback - disconnected - :0
Begin MonoManager ReloadAssembly
Native extension for WindowsStandalone target not found
Native extension for WebGL target not found
[Package Manager] Failed to launch server process. Reason: Unity was launched with the -noUpm command-line argument
[Package Manager] Unable to send message (not connected to server process).
[Package Manager] Cannot connect to Unity Package Manager local server
ScheduleIndexationOnStartup MainProcess:False IndexOnStartup:True
Mono: successfully reloaded assembly
- Finished resetting the current domain, in  0.558 seconds
Domain Reload Profiling: 1062ms
	BeginReloadAssembly (268ms)
		DisableScriptedObjects (13ms)
		CreateAndSetChildDomain (36ms)
	RebuildCommonClasses (15ms)
	RebuildNativeTypeToScriptingClass (29ms)
	initialDomainReloadingComplete (51ms)
	LoadAllAssembliesAndSetupDomain (139ms)
		LoadAssemblies (138ms)
		AnalyzeDomain (7ms)
			TypeCache.Refresh (5ms)
	FinalizeReload (560ms)
		SetupLoadedEditorAssemblies (0ms)
			InitializePlatformSupportModulesInManaged (3ms)
			BeforeProcessingInitializeOnLoad (124ms)
			ProcessInitializeOnLoadAttributes (107ms)
			ProcessInitializeOnLoadMethodAttributes (131ms)
			AfterProcessingInitializeOnLoad (11ms)
		AwakeInstancesAfterBackupRestoration (5ms)
Unloading 0 Unused Serialized files (Serialized files now loaded: 0)
Unloading 121 unused Assets / (3.1 KB). Loaded Objects now: 738.
Memory consumption went from 157.9 MB to 157.9 MB.
Total: 6.511900 ms (FindLiveObjects: 0.128300 ms CreateObjectMapping: 0.049700 ms MarkObjects: 6.277000 ms  DeleteObjects: 0.055700 ms)

Prepare: number of updated asset objects reloaded= 0
========================================================================
Received Prepare
AcceleratorClientConnectionCallback - disconnected - :0
Begin MonoManager ReloadAssembly
[Licensing::Client] Successfully resolved entitlement details
Native extension for WindowsStandalone target not found
Native extension for WebGL target not found
[Package Manager] Failed to launch server process. Reason: Unity was launched with the -noUpm command-line argument
[Package Manager] Unable to send message (not connected to server process).
[Package Manager] Cannot connect to Unity Package Manager local server
ScheduleIndexationOnStartup MainProcess:False IndexOnStartup:True
Mono: successfully reloaded assembly
- Finished resetting the current domain, in  0.520 seconds
Domain Reload Profiling: 1021ms
	BeginReloadAssembly (285ms)
		DisableScriptedObjects (11ms)
		CreateAndSetChildDomain (46ms)
	RebuildCommonClasses (12ms)
	RebuildNativeTypeToScriptingClass (23ms)
	initialDomainReloadingComplete (55ms)
	LoadAllAssembliesAndSetupDomain (122ms)
		LoadAssemblies (147ms)
		AnalyzeDomain (7ms)
			TypeCache.Refresh (5ms)
	FinalizeReload (522ms)
		SetupLoadedEditorAssemblies (0ms)
			InitializePlatformSupportModulesInManaged (3ms)
			BeforeProcessingInitializeOnLoad (128ms)
			ProcessInitializeOnLoadAttributes (108ms)
			ProcessInitializeOnLoadMethodAttributes (91ms)
			AfterProcessingInitializeOnLoad (12ms)
		AwakeInstancesAfterBackupRestoration (3ms)
Unloading 0 Unused Serialized files (Serialized files now loaded: 0)
Unloading 121 unused Assets / (3.1 KB). Loaded Objects now: 738.
Memory consumption went from 158.0 MB to 158.0 MB.
Total: 5.179500 ms (FindLiveObjects: 0.141800 ms CreateObjectMapping: 0.057100 ms MarkObjects: 4.901400 ms  DeleteObjects: 0.078100 ms)

Prepare: number of updated asset objects reloaded= 0
========================================================================
Received Prepare
AcceleratorClientConnectionCallback - disconnected - :0
Begin MonoManager ReloadAssembly
[Licensing::Client] Successfully resolved entitlement details
Native extension for WindowsStandalone target not found
Native extension for WebGL target not found
[Package Manager] Failed to launch server process. Reason: Unity was launched with the -noUpm command-line argument
[Package Manager] Unable to send message (not connected to server process).
[Package Manager] Cannot connect to Unity Package Manager local server
ScheduleIndexationOnStartup MainProcess:False IndexOnStartup:True
Mono: successfully reloaded assembly
- Finished resetting the current domain, in  0.587 seconds
Domain Reload Profiling: 1148ms
	BeginReloadAssembly (312ms)
		DisableScriptedObjects (8ms)
		CreateAndSetChildDomain (57ms)
	RebuildCommonClasses (12ms)
	RebuildNativeTypeToScriptingClass (25ms)
	initialDomainReloadingComplete (61ms)
	LoadAllAssembliesAndSetupDomain (148ms)
		LoadAssemblies (180ms)
		AnalyzeDomain (19ms)
			TypeCache.Refresh (9ms)
			BuildScriptInfoCaches (8ms)
	FinalizeReload (591ms)
		SetupLoadedEditorAssemblies (0ms)
			InitializePlatformSupportModulesInManaged (4ms)
			BeforeProcessingInitializeOnLoad (132ms)
			ProcessInitializeOnLoadAttributes (108ms)
			ProcessInitializeOnLoadMethodAttributes (136ms)
			AfterProcessingInitializeOnLoad (15ms)
		AwakeInstancesAfterBackupRestoration (5ms)
Unloading 0 Unused Serialized files (Serialized files now loaded: 0)
Unloading 121 unused Assets / (3.1 KB). Loaded Objects now: 738.
Memory consumption went from 158.3 MB to 158.3 MB.
Total: 6.318300 ms (FindLiveObjects: 0.063100 ms CreateObjectMapping: 0.023500 ms MarkObjects: 6.183300 ms  DeleteObjects: 0.047200 ms)

Prepare: number of updated asset objects reloaded= 0
========================================================================
Received Prepare
AcceleratorClientConnectionCallback - disconnected - :0
Begin MonoManager ReloadAssembly
Native extension for WindowsStandalone target not found
Native extension for WebGL target not found
[Package Manager] Failed to launch server process. Reason: Unity was launched with the -noUpm command-line argument
[Package Manager] Unable to send message (not connected to server process).
[Package Manager] Cannot connect to Unity Package Manager local server
ScheduleIndexationOnStartup MainProcess:False IndexOnStartup:True
Mono: successfully reloaded assembly
- Finished resetting the current domain, in  0.487 seconds
Domain Reload Profiling: 1023ms
	BeginReloadAssembly (282ms)
		DisableScriptedObjects (11ms)
		CreateAndSetChildDomain (45ms)
	RebuildCommonClasses (13ms)
	RebuildNativeTypeToScriptingClass (24ms)
	initialDomainReloadingComplete (58ms)
	LoadAllAssembliesAndSetupDomain (156ms)
		LoadAssemblies (157ms)
		AnalyzeDomain (7ms)
			TypeCache.Refresh (5ms)
	FinalizeReload (490ms)
		SetupLoadedEditorAssemblies (0ms)
			InitializePlatformSupportModulesInManaged (3ms)
			BeforeProcessingInitializeOnLoad (115ms)
			ProcessInitializeOnLoadAttributes (118ms)
			ProcessInitializeOnLoadMethodAttributes (85ms)
			AfterProcessingInitializeOnLoad (10ms)
		AwakeInstancesAfterBackupRestoration (3ms)
Unloading 0 Unused Serialized files (Serialized files now loaded: 0)
Unloading 121 unused Assets / (3.1 KB). Loaded Objects now: 738.
Memory consumption went from 158.7 MB to 158.7 MB.
Total: 4.728100 ms (FindLiveObjects: 0.073300 ms CreateObjectMapping: 0.036900 ms MarkObjects: 4.537600 ms  DeleteObjects: 0.079000 ms)

Prepare: number of updated asset objects reloaded= 0
========================================================================
Received Prepare
AcceleratorClientConnectionCallback - disconnected - :0
Begin MonoManager ReloadAssembly
[Licensing::Client] Successfully resolved entitlement details
Native extension for WindowsStandalone target not found
Native extension for WebGL target not found
[Package Manager] Failed to launch server process. Reason: Unity was launched with the -noUpm command-line argument
[Package Manager] Unable to send message (not connected to server process).
[Package Manager] Cannot connect to Unity Package Manager local server
ScheduleIndexationOnStartup MainProcess:False IndexOnStartup:True
Mono: successfully reloaded assembly
- Finished resetting the current domain, in  0.527 seconds
Domain Reload Profiling: 1078ms
	BeginReloadAssembly (288ms)
		DisableScriptedObjects (9ms)
		CreateAndSetChildDomain (53ms)
	RebuildCommonClasses (15ms)
	RebuildNativeTypeToScriptingClass (24ms)
	initialDomainReloadingComplete (56ms)
	LoadAllAssembliesAndSetupDomain (166ms)
		LoadAssemblies (142ms)
		AnalyzeDomain (14ms)
			TypeCache.Refresh (10ms)
	FinalizeReload (529ms)
		SetupLoadedEditorAssemblies (0ms)
			InitializePlatformSupportModulesInManaged (3ms)
			BeforeProcessingInitializeOnLoad (135ms)
			ProcessInitializeOnLoadAttributes (110ms)
			ProcessInitializeOnLoadMethodAttributes (98ms)
			AfterProcessingInitializeOnLoad (13ms)
		AwakeInstancesAfterBackupRestoration (4ms)
Unloading 0 Unused Serialized files (Serialized files now loaded: 0)
Unloading 121 unused Assets / (3.1 KB). Loaded Objects now: 738.
Memory consumption went from 158.9 MB to 158.9 MB.
Total: 4.467800 ms (FindLiveObjects: 0.057000 ms CreateObjectMapping: 0.021400 ms MarkObjects: 4.328900 ms  DeleteObjects: 0.059700 ms)

Prepare: number of updated asset objects reloaded= 0
========================================================================
Received Prepare
AcceleratorClientConnectionCallback - disconnected - :0
Begin MonoManager ReloadAssembly
[Licensing::Client] Successfully resolved entitlement details
Native extension for WindowsStandalone target not found
Native extension for WebGL target not found
[Package Manager] Failed to launch server process. Reason: Unity was launched with the -noUpm command-line argument
[Package Manager] Unable to send message (not connected to server process).
[Package Manager] Cannot connect to Unity Package Manager local server
ScheduleIndexationOnStartup MainProcess:False IndexOnStartup:True
Mono: successfully reloaded assembly
- Finished resetting the current domain, in  0.575 seconds
Domain Reload Profiling: 1081ms
	BeginReloadAssembly (269ms)
		DisableScriptedObjects (15ms)
		CreateAndSetChildDomain (36ms)
	RebuildCommonClasses (15ms)
	RebuildNativeTypeToScriptingClass (23ms)
	initialDomainReloadingComplete (54ms)
	LoadAllAssembliesAndSetupDomain (141ms)
		LoadAssemblies (138ms)
		AnalyzeDomain (6ms)
			TypeCache.Refresh (5ms)
	FinalizeReload (578ms)
		SetupLoadedEditorAssemblies (0ms)
			InitializePlatformSupportModulesInManaged (3ms)
			BeforeProcessingInitializeOnLoad (141ms)
			ProcessInitializeOnLoadAttributes (113ms)
			ProcessInitializeOnLoadMethodAttributes (105ms)
			AfterProcessingInitializeOnLoad (12ms)
		AwakeInstancesAfterBackupRestoration (4ms)
Unloading 0 Unused Serialized files (Serialized files now loaded: 0)
Unloading 121 unused Assets / (3.1 KB). Loaded Objects now: 738.
Memory consumption went from 158.8 MB to 158.8 MB.
Total: 4.305300 ms (FindLiveObjects: 0.055500 ms CreateObjectMapping: 0.021100 ms MarkObjects: 4.143900 ms  DeleteObjects: 0.084000 ms)

Prepare: number of updated asset objects reloaded= 0
========================================================================
Received Import Request.
  Time of request: 2026-06-25T02:45:57.30418Z
  Time since last request: 378.75132780000001 seconds.
  importAddress: GUID: 20bb298b3b106544eb5b8645de149110 - Path: Assets/CamaraSeguir.cs - Importer: ScriptedImporter/UnityEditor.QuickSearchModule:UnityEditor.Search:ASIAI0B
Importing 'GUID: 20bb298b3b106544eb5b8645de149110 - Path: Assets/CamaraSeguir.cs - Importer: ScriptedImporter/UnityEditor.QuickSearchModule:UnityEditor.Search:ASIAI0B' with importer (ScriptedImporter : UnityEditor.QuickSearchModule:UnityEditor.Search:ASIAI0B)
Imported 'GUID: 20bb298b3b106544eb5b8645de149110' -> (Import Result ID: '82b986222d59fcd747b4761808fc31d9') in 0.123 seconds [static and dynamic dependencies]. Details - ImportResultOutputID=35cd07f634f21f38153b47c8ca7ec443 DependenciesID=dceabe5580acd6436e642b30e044eee8 StaticDependenciesID=3f3fead07e82505acc1f5794c1aac6e9 
Number of updated asset objects reloaded before import = 0
Number of asset objects unloaded after import = 0
========================================================================
Received Prepare
AcceleratorClientConnectionCallback - disconnected - :0
Unloading 0 Unused Serialized files (Serialized files now loaded: 0)
Unloading 1 unused Assets / (0 B). Loaded Objects now: 738.
Memory consumption went from 160.2 MB to 160.2 MB.
Total: 5.621400 ms (FindLiveObjects: 0.060700 ms CreateObjectMapping: 0.016800 ms MarkObjects: 5.520900 ms  DeleteObjects: 0.021300 ms)

Prepare: number of updated asset objects reloaded= 0
========================================================================
Received Import Request.
  Time of request: 2026-06-25T02:46:32.3320238Z
  Time since last request: 34.9034351 seconds.
  importAddress: GUID: 6d80ddc6e593cd64db0ab2136b82fe05 - Path: Assets/Nivel 1.unity - Importer: ScriptedImporter/UnityEditor.QuickSearchModule:UnityEditor.Search:ASIAI0B
Importing 'GUID: 6d80ddc6e593cd64db0ab2136b82fe05 - Path: Assets/Nivel 1.unity - Importer: ScriptedImporter/UnityEditor.QuickSearchModule:UnityEditor.Search:ASIAI0B' with importer (ScriptedImporter : UnityEditor.QuickSearchModule:UnityEditor.Search:ASIAI0B)
Imported 'GUID: 6d80ddc6e593cd64db0ab2136b82fe05' -> (Import Result ID: '969614cdd998ab7ddfe2bf4400d31456') in 0.008 seconds [static and dynamic dependencies]. Details - ImportResultOutputID=ae0023ee98f98b4d6fbbd66b81c9658b DependenciesID=23530a30eae63d79af049df5ccc1962f StaticDependenciesID=d1305239b7cde01e238b3da4448b6e7b 
Number of updated asset objects reloaded before import = 0
Number of asset objects unloaded after import = 1
Editor requested this worker to shutdown with reason: Editor is closing down
AssetImportWorkerClient::OnTransportError - code=2 error=End of file
AcceleratorClientConnectionCallback - disconnected - :0
AssetImportWorker is now disconnected from the server
Process exiting
Exiting without the bug reporter. Application will terminate with return code 0