[Licensing::Module] Trying to connect to existing licensing client channel...
Built from '6000.5/staging' branch; Version is '6000.5.0f1 (88b47c5e7076) revision 8959100'; Using compiler version '194234433'; Build Type 'Release'
[Licensing::IpcConnector] Channel LicenseClient-rolan doesn't exist
OS: 'Windows 11  (10.0.26200) Core' Language: 'es' Physical Memory: 16202 MB
BatchMode: 0, IsHumanControllingUs: 1, StartBugReporterOnCrash: 1, Is64bit: 1
System  architecture: x64
Process architecture: x64
Date: 2026-06-25T02:15:49Z
[Licensing::Module] Successfully launched the LicensingClient (PId: 10032)

COMMAND LINE ARGUMENTS:
C:\Program Files\Unity\Hub\Editor\6000.5.0f1\Editor\Unity.exe
-openfile
C:\Users\rolan\OneDrive\Documentos\GitHub\scape-from-utp-juego\Assets\Nivel 1.unity
Opening project via file: C:/Users/rolan/OneDrive/Documentos/GitHub/scape-from-utp-juego/Assets/Nivel 1.unity
C:/Users/rolan/OneDrive/Documentos/GitHub/scape-from-utp-juego
[UnityMemory] Configuration Parameters - Can be set up in boot.config
    "memorysetup-temp-allocator-size-gi-baking-worker=262144"
    "memorysetup-temp-allocator-size-gi-baking-worker=262144"
    "memorysetup-temp-allocator-size-gi-baking-worker=262144"
    "memorysetup-temp-allocator-size-gi-baking-worker=262144"
    "memorysetup-temp-allocator-size-gi-baking-worker=262144"
    "memorysetup-temp-allocator-size-nav-mesh-worker=65536"
    "memorysetup-temp-allocator-size-audio-worker=65536"
    "memorysetup-temp-allocator-size-cloud-worker=32768"
    "memorysetup-temp-allocator-size-gfx=262144"
    "memorysetup-temp-allocator-size-preload-manager=33554432"
    "memorysetup-allocator-temp-initial-block-size-main=262144"
    "memorysetup-allocator-temp-initial-block-size-worker=262144"
    "memorysetup-temp-allocator-size-job-worker=262144"
    "memorysetup-temp-allocator-size-background-worker=32768"
    "memorysetup-bucket-allocator-granularity=16"
    "memorysetup-bucket-allocator-bucket-count=8"
    "memorysetup-bucket-allocator-block-size=33554432"
    "memorysetup-bucket-allocator-block-count=8"
    "memorysetup-main-allocator-block-size=16777216"
    "memorysetup-thread-allocator-block-size=16777216"
    "memorysetup-main-allocator-mimalloc-enabled=0"
    "memorysetup-gfx-main-allocator-block-size=16777216"
    "memorysetup-gfx-thread-allocator-block-size=16777216"
    "memorysetup-cache-allocator-block-size=4194304"
    "memorysetup-typetree-allocator-block-size=2097152"
    "memorysetup-profiler-bucket-allocator-granularity=16"
    "memorysetup-profiler-bucket-allocator-bucket-count=8"
    "memorysetup-profiler-bucket-allocator-block-size=33554432"
    "memorysetup-profiler-bucket-allocator-block-count=8"
    "memorysetup-profiler-allocator-block-size=16777216"
    "memorysetup-profiler-editor-allocator-block-size=1048576"
    "memorysetup-temp-allocator-size-main=16777216"
    "memorysetup-job-temp-allocator-block-size=2097152"
    "memorysetup-job-temp-allocator-block-size-background=1048576"
    "memorysetup-job-temp-allocator-reduction-small-platforms=262144"
Player connection [34112]  Target information:

Player connection [34112]  * "[IP] 192.168.68.111 [Port] 55504 [Flags] 2 [Guid] 3490097447 [EditorId] 3490097447 [Version] 1048832 [Id] WindowsEditor(7,MSI) [Debug] 1 [PackageName] WindowsEditor [ProjectName] Editor" 

Player connection [34112] Host joined multi-casting on [225.0.0.222:54997]...
Player connection [34112] Host joined alternative multi-casting on [225.0.0.222:34997]...
Input System module state changed to: Initialized.
[Physics::Module] Initialized fallback backend.
[Physics::Module] Id: 0xdecafbad
[Licensing::IpcConnector] Successfully connected to: "LicenseClient-rolan" at "2026-06-25T02:15:50.0478773Z"
[Licensing::Client] Code 10 while verifying Licensing Client signature (process Id: 10032, path: "C:/Program Files/Unity/Hub/Editor/6000.5.0f1/Editor/Data/Resources/Licensing/Client/Unity.Licensing.Client.exe")
[Licensing::Module] LicensingClient has failed validation; ignoring
[Licensing::Client] Handshaking with LicensingClient:
  Version:                 1.18.1+9fbee8e
  Session Id:              252222833820475e8c96ff1c1aaf2a50
  Correlation Id:          3d88a3634abffa7a4ad92e5a66c5a858
  External correlation Id: 8610833978220167491
  Machine Id:              4eYgpwOuiQeruzSB6AdFVKhxbwo=
[Licensing::Module] Successfully connected to LicensingClient on channel: "LicenseClient-rolan" (connect: 0.57s, validation: 0.17s, handshake: 0.08s)
[Licensing::IpcConnector] Successfully connected to: "LicenseClient-rolan-notifications" at "2026-06-25T02:15:50.2996515Z"
[Licensing::Module] Connected to LicensingClient (PId: 10032, launch time: 0.00, total connection time: 0.82s)
[Licensing::Module] Error: Access token is unavailable; failed to update
[Licensing::Client] Successfully resolved entitlement details
[Licensing::Module] License group:
  Id: 4674213770289-UnityPersXXXX
  Product: Unity Personal
  Type: Assigned
  Expiration: Unlimited
[Licensing::Client] Successfully updated license, isAsync: True, time: 0.01
[Licensing::Client] Successfully resolved entitlement details
[Licensing::Module] Licensing Background thread has ended after 0.90s
[Package Manager] Connected to IPC stream "Upm-33168" after 0.5 seconds.
[Licensing::Client] Successfully resolved entitlement details
Library Redirect Path: Library/
[Physics::Module] Selected backend.
[Physics::Module] Name: PhysX
[Physics::Module] Id: 0xf2b8ea05
[Physics::Module] SDK Version: 4.1.2
[Physics::Module] Integration Version: 1.0.0
[Physics::Module] Threading Mode: Multi-Threaded
Artifact Garbage Collection - Removed 98 unused hashed content files
Initialize engine version: 6000.5.0f1 (88b47c5e7076)
[Subsystems] Discovering subsystems at path C:/Program Files/Unity/Hub/Editor/6000.5.0f1/Editor/Data/Resources/UnitySubsystems
[Subsystems] Discovering subsystems at path C:/Users/rolan/OneDrive/Documentos/GitHub/scape-from-utp-juego/Assets
[D3D12 Device Filter] Vendor Name: NVIDIA
[D3D12 Device Filter] Device Name: NVIDIA GeForce RTX 2070 with Max-Q Design
[D3D12 Device Filter] Driver Version: 32.0.15.7283
[D3D12 Device Filter] Feature Level: 12.2
[D3D12 Device Filter] Graphics Memory: 8006 MB
[D3D12 Device Filter] Processor Count: 12
[D3D12 Device Filter] Device Type: Discrete
GfxDevice: creating device client; kGfxThreadingModeSplitJobs
d3d12: failed to query info queue interface (0x80004002).
Direct3D:
    Version:         Direct3D 12 [level 12.2]
    Renderer:        NVIDIA GeForce RTX 2070 with Max-Q Design (ID=0x1f14)
    Vendor:          NVIDIA
    VRAM:            8006 MB
    App VRAM Budget: 7238 MB
    Driver:          32.0.15.7283
Initialize mono
Mono path[0] = 'C:/Program Files/Unity/Hub/Editor/6000.5.0f1/Editor/Data/Managed'
Mono path[1] = 'C:/Program Files/Unity/Hub/Editor/6000.5.0f1/Editor/Data/BCLExtensions/runtime/netstandard2.1'
Mono path[2] = 'C:/Program Files/Unity/Hub/Editor/6000.5.0f1/Editor/Data/MonoBleedingEdge/lib/mono/unityjit-win32'
Mono config path = 'C:/Program Files/Unity/Hub/Editor/6000.5.0f1/Editor/Data/MonoBleedingEdge/etc'
Using monoOptions --debugger-agent=transport=dt_socket,embedding=1,server=y,suspend=n,address=127.0.0.1:56168
CodeReloadManager initialized
ImportWorker Server TCP listen port: 0
AcceleratorClientConnectionCallback - disconnected - :0
Begin MonoManager ReloadAssembly
Registering precompiled unity dll's ...
Register platform support module: C:/Program Files/Unity/Hub/Editor/6000.5.0f1/Editor/Data/PlaybackEngines/WebGLSupport/UnityEditor.WebGL.Extensions.dll
Register platform support module: C:/Program Files/Unity/Hub/Editor/6000.5.0f1/Editor/Data/PlaybackEngines/WindowsStandaloneSupport/UnityEditor.WindowsStandalone.Extensions.dll
Registered in 0.002866 seconds.
Native extension for WindowsStandalone target not found
Native extension for WebGL target not found
Package Manager log level set to [2]
ScheduleIndexationOnStartup MainProcess:False IndexOnStartup:True
Mono: successfully reloaded assembly
- Finished resetting the current domain, in  0.532 seconds
Domain Reload Profiling: 1229ms
	BeginReloadAssembly (184ms)
		CreateAndSetChildDomain (16ms)
	RebuildCommonClasses (6ms)
	RebuildNativeTypeToScriptingClass (25ms)
	initialDomainReloadingComplete (87ms)
	LoadAllAssembliesAndSetupDomain (392ms)
		LoadAssemblies (166ms)
		AnalyzeDomain (289ms)
			TypeCache.Refresh (288ms)
				TypeCache.ScanAssembly (270ms)
	FinalizeReload (536ms)
		SetupLoadedEditorAssemblies (0ms)
			InitializePlatformSupportModulesInManaged (3ms)
			BeforeProcessingInitializeOnLoad (118ms)
			ProcessInitializeOnLoadAttributes (131ms)
			ProcessInitializeOnLoadMethodAttributes (172ms)
[Licensing::Client] Successfully resolved entitlement details
Application.AssetDatabase Initial Refresh Start
[Package Manager] Restoring resolved packages state from cache
[Licensing::Client] Successfully resolved entitlement details
[Package Manager] Registered 38 packages:
  Built-in packages:
    com.unity.2d.sprite@1.0.0 (location: C:\Users\rolan\OneDrive\Documentos\GitHub\scape-from-utp-juego\Library\PackageCache\com.unity.2d.sprite@053a968eab56)
    com.unity.multiplayer.center@1.0.1 (location: C:\Users\rolan\OneDrive\Documentos\GitHub\scape-from-utp-juego\Library\PackageCache\com.unity.multiplayer.center@b860850997d0)
    com.unity.modules.accessibility@1.0.0 (location: C:\Users\rolan\OneDrive\Documentos\GitHub\scape-from-utp-juego\Library\PackageCache\com.unity.modules.accessibility)
    com.unity.modules.adaptiveperformance@1.0.0 (location: C:\Users\rolan\OneDrive\Documentos\GitHub\scape-from-utp-juego\Library\PackageCache\com.unity.modules.adaptiveperformance)
    com.unity.modules.ai@1.0.0 (location: C:\Users\rolan\OneDrive\Documentos\GitHub\scape-from-utp-juego\Library\PackageCache\com.unity.modules.ai)
    com.unity.modules.androidjni@1.0.0 (location: C:\Users\rolan\OneDrive\Documentos\GitHub\scape-from-utp-juego\Library\PackageCache\com.unity.modules.androidjni)
    com.unity.modules.animation@1.0.0 (location: C:\Users\rolan\OneDrive\Documentos\GitHub\scape-from-utp-juego\Library\PackageCache\com.unity.modules.animation)
    com.unity.modules.assetbundle@1.0.0 (location: C:\Users\rolan\OneDrive\Documentos\GitHub\scape-from-utp-juego\Library\PackageCache\com.unity.modules.assetbundle)
    com.unity.modules.audio@1.0.0 (location: C:\Users\rolan\OneDrive\Documentos\GitHub\scape-from-utp-juego\Library\PackageCache\com.unity.modules.audio)
    com.unity.modules.cloth@1.0.0 (location: C:\Users\rolan\OneDrive\Documentos\GitHub\scape-from-utp-juego\Library\PackageCache\com.unity.modules.cloth)
    com.unity.modules.director@1.0.0 (location: C:\Users\rolan\OneDrive\Documentos\GitHub\scape-from-utp-juego\Library\PackageCache\com.unity.modules.director)
    com.unity.modules.imageconversion@1.0.0 (location: C:\Users\rolan\OneDrive\Documentos\GitHub\scape-from-utp-juego\Library\PackageCache\com.unity.modules.imageconversion)
    com.unity.modules.imgui@1.0.0 (location: C:\Users\rolan\OneDrive\Documentos\GitHub\scape-from-utp-juego\Library\PackageCache\com.unity.modules.imgui)
    com.unity.modules.jsonserialize@1.0.0 (location: C:\Users\rolan\OneDrive\Documentos\GitHub\scape-from-utp-juego\Library\PackageCache\com.unity.modules.jsonserialize)
    com.unity.modules.particlesystem@1.0.0 (location: C:\Users\rolan\OneDrive\Documentos\GitHub\scape-from-utp-juego\Library\PackageCache\com.unity.modules.particlesystem)
    com.unity.modules.physics@1.0.0 (location: C:\Users\rolan\OneDrive\Documentos\GitHub\scape-from-utp-juego\Library\PackageCache\com.unity.modules.physics)
    com.unity.modules.physics2d@1.0.0 (location: C:\Users\rolan\OneDrive\Documentos\GitHub\scape-from-utp-juego\Library\PackageCache\com.unity.modules.physics2d)
    com.unity.modules.physicscore2d@1.0.0 (location: C:\Users\rolan\OneDrive\Documentos\GitHub\scape-from-utp-juego\Library\PackageCache\com.unity.modules.physicscore2d)
    com.unity.modules.screencapture@1.0.0 (location: C:\Users\rolan\OneDrive\Documentos\GitHub\scape-from-utp-juego\Library\PackageCache\com.unity.modules.screencapture)
    com.unity.modules.terrain@1.0.0 (location: C:\Users\rolan\OneDrive\Documentos\GitHub\scape-from-utp-juego\Library\PackageCache\com.unity.modules.terrain)
    com.unity.modules.terrainphysics@1.0.0 (location: C:\Users\rolan\OneDrive\Documentos\GitHub\scape-from-utp-juego\Library\PackageCache\com.unity.modules.terrainphysics)
    com.unity.modules.tilemap@1.0.0 (location: C:\Users\rolan\OneDrive\Documentos\GitHub\scape-from-utp-juego\Library\PackageCache\com.unity.modules.tilemap)
    com.unity.modules.ui@1.0.0 (location: C:\Users\rolan\OneDrive\Documentos\GitHub\scape-from-utp-juego\Library\PackageCache\com.unity.modules.ui)
    com.unity.modules.uielements@1.0.0 (location: C:\Users\rolan\OneDrive\Documentos\GitHub\scape-from-utp-juego\Library\PackageCache\com.unity.modules.uielements)
    com.unity.modules.umbra@1.0.0 (location: C:\Users\rolan\OneDrive\Documentos\GitHub\scape-from-utp-juego\Library\PackageCache\com.unity.modules.umbra)
    com.unity.modules.unityanalytics@1.0.0 (location: C:\Users\rolan\OneDrive\Documentos\GitHub\scape-from-utp-juego\Library\PackageCache\com.unity.modules.unityanalytics)
    com.unity.modules.unitywebrequest@1.0.0 (location: C:\Users\rolan\OneDrive\Documentos\GitHub\scape-from-utp-juego\Library\PackageCache\com.unity.modules.unitywebrequest)
    com.unity.modules.unitywebrequestassetbundle@1.0.0 (location: C:\Users\rolan\OneDrive\Documentos\GitHub\scape-from-utp-juego\Library\PackageCache\com.unity.modules.unitywebrequestassetbundle)
    com.unity.modules.unitywebrequestaudio@1.0.0 (location: C:\Users\rolan\OneDrive\Documentos\GitHub\scape-from-utp-juego\Library\PackageCache\com.unity.modules.unitywebrequestaudio)
    com.unity.modules.unitywebrequesttexture@1.0.0 (location: C:\Users\rolan\OneDrive\Documentos\GitHub\scape-from-utp-juego\Library\PackageCache\com.unity.modules.unitywebrequesttexture)
    com.unity.modules.unitywebrequestwww@1.0.0 (location: C:\Users\rolan\OneDrive\Documentos\GitHub\scape-from-utp-juego\Library\PackageCache\com.unity.modules.unitywebrequestwww)
    com.unity.modules.vectorgraphics@1.0.0 (location: C:\Users\rolan\OneDrive\Documentos\GitHub\scape-from-utp-juego\Library\PackageCache\com.unity.modules.vectorgraphics)
    com.unity.modules.vehicles@1.0.0 (location: C:\Users\rolan\OneDrive\Documentos\GitHub\scape-from-utp-juego\Library\PackageCache\com.unity.modules.vehicles)
    com.unity.modules.video@1.0.0 (location: C:\Users\rolan\OneDrive\Documentos\GitHub\scape-from-utp-juego\Library\PackageCache\com.unity.modules.video)
    com.unity.modules.wind@1.0.0 (location: C:\Users\rolan\OneDrive\Documentos\GitHub\scape-from-utp-juego\Library\PackageCache\com.unity.modules.wind)
    com.unity.modules.xr@1.0.0 (location: C:\Users\rolan\OneDrive\Documentos\GitHub\scape-from-utp-juego\Library\PackageCache\com.unity.modules.xr)
    com.unity.modules.subsystems@1.0.0 (location: C:\Users\rolan\OneDrive\Documentos\GitHub\scape-from-utp-juego\Library\PackageCache\com.unity.modules.subsystems)
    com.unity.modules.hierarchycore@1.0.0 (location: C:\Users\rolan\OneDrive\Documentos\GitHub\scape-from-utp-juego\Library\PackageCache\com.unity.modules.hierarchycore)
[Subsystems] No new subsystems found in resolved package list.
[Package Manager] Done registering packages in 0.02 seconds
Starting: C:\Program Files\Unity\Hub\Editor\6000.5.0f1\Editor\Data\Tools\BuildPipeline\bee_backend.exe --ipc --defer-dag-verification --dagfile="Library/Bee/1900b0aE.dag" --continue-on-failure --profile="Library/Bee/backend1.traceevents" ScriptAssemblies
WorkingDir: C:/Users/rolan/OneDrive/Documentos/GitHub/scape-from-utp-juego
ExitCode: 0 Duration: 0s115ms
*** Tundra build success (0.07 seconds), 0 items updated, 187 evaluated
AssetDatabase: script compilation time: 0.596396s
Begin MonoManager ReloadAssembly
Native extension for WindowsStandalone target not found
Native extension for WebGL target not found
ScheduleIndexationOnStartup MainProcess:True IndexOnStartup:True
Mono: successfully reloaded assembly
- Finished resetting the current domain, in  0.666 seconds
Domain Reload Profiling: 1311ms
	BeginReloadAssembly (418ms)
		DisableScriptedObjects (57ms)
		CreateAndSetChildDomain (162ms)
	RebuildCommonClasses (12ms)
	RebuildNativeTypeToScriptingClass (25ms)
	initialDomainReloadingComplete (58ms)
	LoadAllAssembliesAndSetupDomain (128ms)
		LoadAssemblies (135ms)
		AnalyzeDomain (17ms)
			TypeCache.Refresh (10ms)
				TypeCache.ScanAssembly (5ms)
			BuildScriptInfoCaches (4ms)
	FinalizeReload (669ms)
		SetupLoadedEditorAssemblies (0ms)
			BeforeProcessingInitializeOnLoad (124ms)
			ProcessInitializeOnLoadAttributes (141ms)
			ProcessInitializeOnLoadMethodAttributes (124ms)
			AfterProcessingInitializeOnLoad (12ms)
		AwakeInstancesAfterBackupRestoration (31ms)
Starting new worker id: 0 with log in C:/Users/rolan/OneDrive/Documentos/GitHub/scape-from-utp-juego/Logs/AssetImportWorkerHW0.log

Asset Pipeline Refresh (id=5252779b3aed2464e82dedf494a8441f): Total: 2.150 seconds - Initiated by InitialRefreshV2(ForceSynchronousImport)
	(Values over 0.05ms)
	Summary:
		Imports: total=0 (actual=0, local cache=0, cache server=0)
		Asset DB Process Time: managed=0 ms, native=800 ms
		Asset DB Callback time: managed=27 ms, native=18 ms
		Scripting: domain reloads=1, domain reload time=690 ms, compile time=599 ms, other=14 ms
		Project Asset Count: scripts=146, non-scripts=183
		Asset File Changes: new=0, changed=0, moved=0, deleted=0
		Scan Filter Count: 0
	InvokePackagesCallback: 21.520ms
	ApplyChangesToAssetFolders: 0.641ms
	Scan: 35.779ms
	Collect global state as custom dependencies: 3.759ms
	CategorizeScriptCompilationAssets: 0.515ms
	ProcessAssetsWithTransientArtifactChanges: 3.349ms
	CategorizeAssets: 3.897ms
	CompileScripts: 598.785ms
	ImportOutOfDateAssets: 686.183ms (671.489ms without children)
		UnloadImportedAssets: 0.152ms
		EnsureUptoDateAssetsAreRegisteredWithGuidPM: 0.059ms
		ImportSchedulerStart: 14.479ms
	PostProcessAllAssets: 27.885ms
		MonoPostProcessAllAssets: 27.793ms
			WindowAssetPostprocessingWatcher.OnPostprocessAllAssets 8.662ms
			SyncVS.PostprocessSyncProject 2.245ms
			SpeedTree9Postprocessor.OnPostprocessAllAssets 0.886ms
			ReferencedClipsPostProcessor.OnPostprocessAllAssets 0.388ms
			TerrainToolbarOverlayPostProcessor.OnPostprocessAllAssets 0.263ms
			AssetDatabaseCallbacks.OnPostprocessAllAssets 0.196ms
			RenderPipelineGlobalSettingsPostprocessor.OnPostprocessAllAssets 0.093ms
	UnloadStreamsBegin: 2.068ms
	GenerateScriptTypeHashes: 1.506ms
	GenerateScriptTypeSerializationHashes: 3.232ms
	Untracked: 756.604ms

Application.AssetDatabase Initial Refresh End
Launched and connected shader compiler UnityShaderCompiler.exe after 0.02 seconds
Scanning for USB devices : 2.011ms
Initializing Unity extensions:
[MODES] ModeService[none].Initialize
[MODES] ModeService[none].LoadModes
[MODES] Loading mode Default (0) for mode-current-id-scape-from-utp-juego
Opening scene 'Assets/Nivel 1.unity'
Unloading 2 Unused Serialized files (Serialized files now loaded: 0)
Loaded scene 'Assets/Nivel 1.unity'
	Deserialize:            1.661 ms
	Integration:            18.372 ms
	Integration of assets:  0.005 ms
	Thread Wait Time:       0.023 ms
	Total Operation Time:   20.060 ms
Unloading 135 unused Assets / (487.3 KB). Loaded Objects now: 835.
Memory consumption went from 204.3 MB to 203.8 MB.
Total: 6.183800 ms (FindLiveObjects: 0.099900 ms CreateObjectMapping: 0.044100 ms MarkObjects: 5.742400 ms  DeleteObjects: 0.293400 ms)

[LAYOUT] About to load UserSettings\Layouts\default-6000.dwlt, keepMainWindow=False
[LAYOUT] About to save layout C:\Users\rolan\OneDrive\Documentos\GitHub\scape-from-utp-juego\UserSettings\Layouts\default-6000.dwlt
[LAYOUT] About to save layout C:/Users/rolan/AppData/Roaming/Unity/Editor-5.x/Preferences\Layouts\current\default-6000.dwlt
[MODES] ModeService[default].InitializeCurrentMode
[MODES] ModeService[default].RaiseModeChanged(default, default)
This project uses Input Manager, which is marked for deprecation. To manage input in your project, use the <a href="https://docs.unity3d.com/Packages/com.unity.inputsystem@latest">Input System package</a> instead.
<RI> Initializing input.
<RI> Input initialized.
[Project] Loading completed in 7.618 seconds
	Project init time: 				6.180 seconds
		Template init time: 		0.000 seconds
		Package Manager init time: 		0.462 seconds
		Asset Database init time: 		1.089 seconds
		Global illumination init time: 	0.002 seconds
		Assemblies load time: 			1.286 seconds
		Unity extensions init time: 	0.001 seconds
		Asset Database refresh time: 	2.150 seconds
	Scene opening time: 			1.173 seconds
##utp:{"type":"ProjectInfo","version":2,"phase":"Immediate","time":1782353757082,"processId":33168,"projectLoad":7.6181185000000009,"projectInit":6.1803515,"templateInit":0.0,"packageManagerInit":0.4619158,"assetDatabaseInit":1.0893598,"globalIlluminationInit":0.0023711,"assembliesLoad":1.2856941,"unityExtensionsInit":0.0011201,"assetDatabaseRefresh":2.1500774,"sceneOpening":1.1730721}
##utp:{"type":"EditorInfo","version":2,"phase":"Immediate","time":1782353757082,"processId":33168,"editorVersion":"6000.5.0f1 (88b47c5e7076)","branch":"6000.5/staging","buildType":"Release","platform":"Windows"}
Worker ready: AssetImportWorkerHW0 0
Asset Pipeline Refresh (id=4ef83577d7d580d468d45e7c09836995): Total: 0.037 seconds - Initiated by RefreshV2(AllowForceSynchronousImport)
Dynamic Batching is deprecated and will be removed in a future release. Use GPU Instancing instead. Disable Dynamic Batching in Project Settings > Player > Other Settings to remove this warning.
UnityEngine.Debug:ExtractStackTraceNoAlloc (byte*,int,string)
UnityEngine.StackTraceUtility:ExtractStackTrace ()
UnityEngine.DebugLogHandler:Internal_Log (UnityEngine.LogType,UnityEngine.LogOption,string,UnityEngine.Object)
UnityEngine.DebugLogHandler:LogFormat (UnityEngine.LogType,UnityEngine.Object,string,object[])
UnityEngine.Logger:Log (UnityEngine.LogType,object)
UnityEngine.Debug:LogWarning (object)
UnityEditor.PlayerSettingsBatchingWarning:WarnIfDynamicBatchingEnabled ()
UnityEditor.EditorApplication:Internal_CallUpdateFunctions ()

Start Indexing on Editor startup
[Indexing] Starting Initial Indexing for Assets
Created GICache directory at C:/Users/rolan/AppData/LocalLow/Unity/Caches/GiCache. Took: 0.021s, timestamps: [9.058 - 9.079]
[Licensing::Client] Successfully resolved entitlement details
[Licensing::Client] Successfully resolved entitlement details
Starting new worker id: 1 with log in C:/Users/rolan/OneDrive/Documentos/GitHub/scape-from-utp-juego/Logs/AssetImportWorkerHW1.log
[Worker0] Imported GUID: 715b0b9b9a7a6c04cb5167d82049df34 - Path: Assets/3 PERSONAJES/Jugador.prefab - Importer: PreviewImporter -> (ImportResultId: 'b8863d2d4bf51c83f74a13885851ac7c') in 0.1214087 seconds
Worker ready: AssetImportWorkerHW1 1
[Worker0] Imported GUID: 0d1f2a9156ced12409b9fea23c5f8f56 - Path: Assets/3 PERSONAJES/Personaje - Rolando - Importer: PreviewImporter -> (ImportResultId: 'dc52019cda9321720a399378aab9eece') in 0.0009306 seconds
[Worker0] Imported GUID: 25c154cc28849b84e82350a2a616cf0f - Path: Assets/3 PERSONAJES/Personaje - Rolando/damage_rolando.ase - Importer: PreviewImporter -> (ImportResultId: 'ec92969ec592935a9b93fee33ae86077') in 0.0010004 seconds
[Worker0] Imported GUID: 256fcea67b9baf142baa6ebffad98a3e - Path: Assets/3 PERSONAJES/Personaje - Rolando/dead_rolando.ase - Importer: PreviewImporter -> (ImportResultId: '4ad93d39d4fb47130a8a4d2a7d3e1109') in 0.0008487 seconds
[Worker0] Imported GUID: 0b4f8280fbdff0c4399871d9e8ec284e - Path: Assets/3 PERSONAJES/Personaje - Rolando/idle_rolando.ase - Importer: PreviewImporter -> (ImportResultId: '3e016d1f549550896b19f5d68818e218') in 0.0011798 seconds
[Worker0] Imported GUID: d2301c414e268ba468e9a001f7125f6b - Path: Assets/3 PERSONAJES/Personaje - Rolando/modelo_rolando.ase - Importer: PreviewImporter -> (ImportResultId: '3e0ca8fd764647791d04cac30555545a') in 0.000884 seconds
Loaded scene 'Library/Unused/be5906c382b25b24d8d3de1ba25ce866'
	Deserialize:            0.188 ms
	Integration:            0.123 ms
	Integration of assets:  0.001 ms
	Thread Wait Time:       0.014 ms
	Total Operation Time:   0.327 ms
Unloading 6 Unused Serialized files (Serialized files now loaded: 0)
Unloading 69 unused Assets / (17.2 MB). Loaded Objects now: 2013.
Memory consumption went from 399.4 MB to 382.3 MB.
Total: 14.477900 ms (FindLiveObjects: 0.216800 ms CreateObjectMapping: 0.027600 ms MarkObjects: 10.044600 ms  DeleteObjects: 4.187100 ms)

TrimDiskCacheJob: Current cache size 0mb
Importing 'GUID: 715b0b9b9a7a6c04cb5167d82049df34 - Path: Assets/3 PERSONAJES/Jugador.prefab' with importer (PrefabImporter)
Imported 'GUID: 715b0b9b9a7a6c04cb5167d82049df34' -> (Import Result ID: '3651bd37433593efa3e648aa1f0af683') in 0.006 seconds [static dependencies only]. Details - ImportResultOutputID=30c76c0a50bac3eb0f54b284719507af DependenciesID=7ad55f50a48a81faf34fa7486a3a2cdb StaticDependenciesID=e1dad503a12579c97fa1afa57e1350fe 
Asset Pipeline Refresh (id=c5cf1ec1f9ddfd848aed80abf103999d): Total: 0.050 seconds - Initiated by StopAssetImportingV2(NoUpdateAssetOptions)
[Worker0] Imported GUID: 715b0b9b9a7a6c04cb5167d82049df34 - Path: Assets/3 PERSONAJES/Jugador.prefab - Importer: ScriptedImporter/UnityEditor.QuickSearchModule:UnityEditor.Search:ASIAI0B -> (ImportResultId: '22a2c629388999e8d342bf8fe485999e') in 0.128999 seconds
Reloading assemblies for play mode.
Reloading assemblies after forced synchronous recompile.
Begin MonoManager ReloadAssembly
[Licensing::Client] Successfully resolved entitlement details
Native extension for WindowsStandalone target not found
Native extension for WebGL target not found
ScheduleIndexationOnStartup MainProcess:True IndexOnStartup:True
[MODES] ModeService[none].Initialize
[MODES] ModeService[none].LoadModes
Mono: successfully reloaded assembly
- Finished resetting the current domain, in  1.203 seconds
Domain Reload Profiling: 1837ms
	BeginReloadAssembly (451ms)
		DisableScriptedObjects (112ms)
		CreateAndSetChildDomain (138ms)
	RebuildCommonClasses (10ms)
	RebuildNativeTypeToScriptingClass (19ms)
	initialDomainReloadingComplete (49ms)
	LoadAllAssembliesAndSetupDomain (103ms)
		LoadAssemblies (126ms)
		AnalyzeDomain (6ms)
			TypeCache.Refresh (4ms)
	FinalizeReload (1204ms)
		SetupLoadedEditorAssemblies (0ms)
			BeforeProcessingInitializeOnLoad (102ms)
			ProcessInitializeOnLoadAttributes (82ms)
			ProcessInitializeOnLoadMethodAttributes (77ms)
			AfterProcessingInitializeOnLoad (9ms)
		AwakeInstancesAfterBackupRestoration (587ms)

Asset Pipeline Refresh (id=e08071deb70566b4fb5caea04b55e3d0): Total: 1.977 seconds - Initiated by StopAssetImportingV2(ForceSynchronousImport | ForceDomainReload)
	(Values over 0.05ms)
	Summary:
		Imports: total=0 (actual=0, local cache=0, cache server=0)
		Asset DB Process Time: managed=0 ms, native=1254 ms
		Asset DB Callback time: managed=44 ms, native=8 ms
		Scripting: domain reloads=1, domain reload time=667 ms, compile time=2 ms, other=0 ms
		Project Asset Count: scripts=146, non-scripts=183
		Asset File Changes: new=0, changed=0, moved=0, deleted=0
		Scan Filter Count: 0
	InvokePackagesCallback: 2.274ms
	ApplyChangesToAssetFolders: 0.192ms
	Collect global state as custom dependencies: 0.083ms
	ProcessAssetsWithTransientArtifactChanges: 4.223ms
	CategorizeAssets: 2.426ms
	CompileScripts: 1.745ms
	ImportOutOfDateAssets: 1208.315ms (1205.002ms without children)
		UnloadImportedAssets: 1.884ms
		ImportSchedulerStart: 1.372ms
	PostProcessAllAssets: 49.938ms
		PostProcessCallbackCreateDeferredMaterials 0.298ms
		PostprocessAssetsUpdateCachedIcon 0.195ms
		ShaderAssetModifiedCallback 0.131ms
		ComputeShaderImportPostprocess 0.090ms
		RaytracingShaderImportPostprocess 0.090ms
		SpeedTreeImporter.PostprocessAllAssets 0.076ms
		MonoPostProcessAllAssets: 44.311ms
			WindowAssetPostprocessingWatcher.OnPostprocessAllAssets 7.911ms
			BuilderAssetPostprocessor.OnPostprocessAllAssets 7.649ms
			AssetPostprocessor.OnPostprocessAllAssets 5.005ms
			SpriteSlicePostprocessor.OnPostprocessAllAssets 2.911ms
			AssetChangedListener.OnPostprocessAllAssets 2.240ms
			SyncVS.PostprocessSyncProject 2.014ms
			RetainedModeAssetPostprocessor.OnPostprocessAllAssets 1.329ms
			TextAssetPostProcessor.OnPostprocessAllAssets 0.978ms
			SpeedTree9Postprocessor.OnPostprocessAllAssets 0.866ms
			SpriteEditorTexturePostprocessor.OnPostprocessAllAssets 0.653ms
			ArtifactBrowserPostProcessor.OnPostprocessAllAssets 0.480ms
			ReferencedClipsPostProcessor.OnPostprocessAllAssets 0.351ms
			AudioMixerPostprocessor.OnPostprocessAllAssets 0.337ms
			StyleCatalogPostProcessor.OnPostprocessAllAssets 0.226ms
			TerrainToolbarOverlayPostProcessor.OnPostprocessAllAssets 0.215ms
			AssetEvents.OnPostprocessAllAssets 0.214ms
			SpeedTreePostProcessor.OnPostprocessAllAssets 0.148ms
			AssetDatabaseCallbacks.OnPostprocessAllAssets 0.146ms
			ConfigAssetsTracker.OnPostprocessAllAssets 0.135ms
			ScenarioDriftAssetsTracker.OnPostprocessAllAssets 0.128ms
			RenderPipelineGlobalSettingsPostprocessor.OnPostprocessAllAssets 0.083ms
			AudioContainerPostProcessor.OnPostprocessAllAssets 0.081ms
	PostAssetChangesProfiler: 2.431ms
	UnloadStreamsBegin: 1.780ms
	GenerateScriptTypeHashes: 0.700ms
	GenerateScriptTypeSerializationHashes: 1.597ms
	Untracked: 696.466ms

Loaded scene 'Temp/__Backupscenes/0.backup'
	Deserialize:            1.040 ms
	Integration:            34.087 ms
	Integration of assets:  0.002 ms
	Thread Wait Time:       0.053 ms
	Total Operation Time:   35.183 ms
[Licensing::Client] Successfully resolved entitlement details
Unloading 2 Unused Serialized files (Serialized files now loaded: 0)
Loaded scene 'Temp/__Backupscenes/0.backup'
	Deserialize:            0.840 ms
	Integration:            11.815 ms
	Integration of assets:  0.002 ms
	Thread Wait Time:       0.052 ms
	Total Operation Time:   12.709 ms
Unloading 103 unused Assets / (74.5 KB). Loaded Objects now: 2021.
Memory consumption went from 381.5 MB to 381.5 MB.
Total: 9.372200 ms (FindLiveObjects: 0.152300 ms CreateObjectMapping: 0.032400 ms MarkObjects: 9.121300 ms  DeleteObjects: 0.065300 ms)

[Licensing::Client] Successfully resolved entitlement details
[Worker0] Imported GUID: e380d460a6826434db0aee0e06ee9eb8 - Path: Assets/3 PERSONAJES - Importer: PreviewImporter -> (ImportResultId: '3510e4bb64e277933df9f7429561a91b') in 0.0020038 seconds
[Worker0] Imported GUID: 58402955b43dbdf459dbf60fe9386aa8 - Path: Assets/Fondos - Importer: PreviewImporter -> (ImportResultId: '96731a4bc3e2e7c11e9a9f7698c91732') in 0.000687 seconds
[Worker0] Imported GUID: e07d89d39c562fe4588cb18cee907368 - Path: Assets/Fondos/FondoCivil.jpeg - Importer: PreviewImporter -> (ImportResultId: '1f3cd28d134698aa0ce804df8ba928b9') in 0.0950406 seconds
MonoPathRemapper: Attempts to remap: 3670; Successful remaps: 0
Serialized file version minimum: 22, current 23
[LAYOUT] About to save layout C:\Users\rolan\OneDrive\Documentos\GitHub\scape-from-utp-juego\UserSettings\Layouts\default-6000.dwlt
[LAYOUT] About to save layout C:/Users/rolan/AppData/Roaming/Unity/Editor-5.x/Preferences\Layouts\current\default-6000.dwlt
Unloading 4 Unused Serialized files (Serialized files now loaded: 0)
Unloading 3 unused Assets / (61.2 KB). Loaded Objects now: 2083.
Memory consumption went from 380.6 MB to 380.5 MB.
Total: 11.991400 ms (FindLiveObjects: 0.163400 ms CreateObjectMapping: 0.026300 ms MarkObjects: 11.772500 ms  DeleteObjects: 0.027800 ms)

[Physics::Module] Cleanup current backend.
[Physics::Module] Id: 0xf2b8ea05
Input System module state changed to: ShutdownInProgress.
Input Polling Thread exited.
Input System module state changed to: Shutdown.
[Licensing::IpcConnector] LicenseClient-rolan-notifications channel disconnected successfully.
[Licensing::IpcConnector] LicenseClient-rolan channel disconnected successfully.
AcceleratorClientConnectionCallback - disconnected - :0
Cleanup mono
CodeReloadManager destroyed
Checking for leaked weakptr:
  Found no leaked weakptrs.
[Package Manager] Server process was shutdown
##utp:{"type":"MemoryLeaks","version":2,"phase":"Immediate","time":1782353875933,"processId":33168,"allocatedMemory":46920835,"memoryLabels":[{"Default":181227},{"Permanent":15516},{"NewDelete":69205},{"Thread":4206200},{"Manager":32872},{"VertexData":8},{"Geometry":816},{"Texture":24},{"Shader":849501},{"Material":24},{"GfxDevice":64760},{"GfxThread":3072},{"Animation":24768},{"Audio":1544},{"FreeType":8},{"FontEngine":736},{"Physics":2146},{"Physics2D":16},{"Serialization":247040},{"Input":42840},{"JobScheduler":256},{"TextLib":18966},{"Mono":48},{"ScriptingNativeRuntime":674964},{"BaseObject":1709346},{"Resource":1208},{"Renderer":3080},{"Transform":4685},{"File":24824},{"WebCam":616},{"Culling":32},{"Terrain":11442},{"Wind":24},{"STL":40},{"String":10092},{"StaticString":3808},{"Utility":2673402},{"Curl":48},{"PoolAlloc":2168},{"AI":80},{"TypeTree":8869},{"CodeReload":448},{"RuntimeInitializeOnLoadManager":64},{"Sprites":102},{"SpriteAtlas":120},{"GI":7816},{"CloudService":7384},{"WebRequest":6234},{"VR":47114},{"SceneManager":608},{"Video":208},{"LazyScriptCache":32},{"NativeArray":33044496},{"Camera":97577},{"Secure":265},{"SerializationCache":1576},{"APIUpdating":10320},{"Subsystems":336},{"VirtualTexturing":57888},{"StaticSafetyDebugInfo":278528},{"Analytics":552},{"Hierarchy":1176},{"UIElements":1350288},{"CoreStats":13688},{"Identifiers":13536},{"Gui":267841},{"EditorUtility":262434},{"VersionControl":8},{"Undo":931},{"AssetDatabase":526457},{"AssetImporter":40},{"EditorGi":328},{"UnityConnect":31010},{"Upm":1988},{"UpmDiagnostics":8},{"AssetCompliance":64},{"DrivenProperties":72},{"LocalIPC":211},{"ProfilerEditor":9746},{"CoreBusinessMetrics":2892},{"Windowing":456},{"Licensing":1232},{"AssetReference":32},{"IPCStream":32}]}
